Using pre-set license
Built from '2021.3/staging' branch; Version is '2021.3.6f1 (7da38d85baf6) revision 8233869'; Using compiler version '192829333'; Build Type 'Release'
OS: 'Windows 10  (10.0.19043) 64bit Core' Language: 'ko' Physical Memory: 32672 MB
BatchMode: 1, IsHumanControllingUs: 0, StartBugReporterOnCrash: 0, Is64bit: 1, IsPro: 1

COMMAND LINE ARGUMENTS:
C:\Program Files\Unity\Hub\Editor\2021.3.6f1\Editor\Unity.exe
-adb2
-batchMode
-noUpm
-name
AssetImportWorker0
-projectPath
D:/unity/Project Red Balloon/Red Balloon
-logFile
Logs/AssetImportWorker0.log
-srvPort
50849
Successfully changed project path to: D:/unity/Project Red Balloon/Red Balloon
D:/unity/Project Red Balloon/Red Balloon
[UnityMemory] Configuration Parameters - Can be set up in boot.config
    "memorysetup-bucket-allocator-granularity=16"
    "memorysetup-bucket-allocator-bucket-count=8"
    "memorysetup-bucket-allocator-block-size=33554432"
    "memorysetup-bucket-allocator-block-count=8"
    "memorysetup-main-allocator-block-size=16777216"
    "memorysetup-thread-allocator-block-size=16777216"
    "memorysetup-gfx-main-allocator-block-size=16777216"
    "memorysetup-gfx-thread-allocator-block-size=16777216"
    "memorysetup-cache-allocator-block-size=4194304"
    "memorysetup-typetree-allocator-block-size=2097152"
    "memorysetup-profiler-bucket-allocator-granularity=16"
    "memorysetup-profiler-bucket-allocator-bucket-count=8"
    "memorysetup-profiler-bucket-allocator-block-size=33554432"
    "memorysetup-profiler-bucket-allocator-block-count=8"
    "memorysetup-profiler-allocator-block-size=16777216"
    "memorysetup-profiler-editor-allocator-block-size=1048576"
    "memorysetup-temp-allocator-size-main=16777216"
    "memorysetup-job-temp-allocator-block-size=2097152"
    "memorysetup-job-temp-allocator-block-size-background=1048576"
    "memorysetup-job-temp-allocator-reduction-small-platforms=262144"
    "memorysetup-temp-allocator-size-background-worker=32768"
    "memorysetup-temp-allocator-size-job-worker=262144"
    "memorysetup-temp-allocator-size-preload-manager=33554432"
    "memorysetup-temp-allocator-size-nav-mesh-worker=65536"
    "memorysetup-temp-allocator-size-audio-worker=65536"
    "memorysetup-temp-allocator-size-cloud-worker=32768"
    "memorysetup-temp-allocator-size-gi-baking-worker=262144"
    "memorysetup-temp-allocator-size-gfx=262144"
Refreshing native plugins compatible for Editor in 75.48 ms, found 5 plugins.
Preloading 0 native plugins for Editor in 0.00 ms.
Initialize engine version: 2021.3.6f1 (7da38d85baf6)
[Subsystems] Discovering subsystems at path C:/Program Files/Unity/Hub/Editor/2021.3.6f1/Editor/Data/Resources/UnitySubsystems
[Subsystems] Discovering subsystems at path D:/unity/Project Red Balloon/Red Balloon/Assets
GfxDevice: creating device client; threaded=0; jobified=0
Direct3D:
    Version:  Direct3D 11.0 [level 11.1]
    Renderer: NVIDIA GeForce RTX 3080 (ID=0x2216)
    Vendor:   NVIDIA
    VRAM:     10077 MB
    Driver:   30.0.15.1215
Initialize mono
Mono path[0] = 'C:/Program Files/Unity/Hub/Editor/2021.3.6f1/Editor/Data/Managed'
Mono path[1] = 'C:/Program Files/Unity/Hub/Editor/2021.3.6f1/Editor/Data/MonoBleedingEdge/lib/mono/unityjit-win32'
Mono config path = 'C:/Program Files/Unity/Hub/Editor/2021.3.6f1/Editor/Data/MonoBleedingEdge/etc'
Using monoOptions --debugger-agent=transport=dt_socket,embedding=1,server=y,suspend=n,address=127.0.0.1:56792
Begin MonoManager ReloadAssembly
Registering precompiled unity dll's ...
Register platform support module: C:/Program Files/Unity/Hub/Editor/2021.3.6f1/Editor/Data/PlaybackEngines/WindowsStandaloneSupport/UnityEditor.WindowsStandalone.Extensions.dll
Registered in 0.018554 seconds.
Native extension for WindowsStandalone target not found
Refreshing native plugins compatible for Editor in 68.55 ms, found 5 plugins.
Preloading 0 native plugins for Editor in 0.00 ms.
Mono: successfully reloaded assembly
- Completed reload, in  0.649 seconds
Domain Reload Profiling:
	ReloadAssembly (649ms)
		BeginReloadAssembly (114ms)
			ExecutionOrderSort (0ms)
			DisableScriptedObjects (0ms)
			BackupInstance (0ms)
			ReleaseScriptingObjects (0ms)
			CreateAndSetChildDomain (1ms)
		EndReloadAssembly (402ms)
			LoadAssemblies (109ms)
			RebuildTransferFunctionScriptingTraits (0ms)
			SetupTypeCache (84ms)
			ReleaseScriptCaches (0ms)
			RebuildScriptCaches (22ms)
			SetupLoadedEditorAssemblies (242ms)
				LogAssemblyErrors (0ms)
				InitializePlatformSupportModulesInManaged (12ms)
				SetLoadedEditorAssemblies (0ms)
				RefreshPlugins (69ms)
				BeforeProcessingInitializeOnLoad (1ms)
				ProcessInitializeOnLoadAttributes (110ms)
				ProcessInitializeOnLoadMethodAttributes (50ms)
				AfterProcessingInitializeOnLoad (0ms)
				EditorAssembliesLoaded (0ms)
			ExecutionOrderSort2 (0ms)
			AwakeInstancesAfterBackupRestoration (0ms)
Platform modules already initialized, skipping
Registering precompiled user dll's ...
Registered in 0.011034 seconds.
Begin MonoManager ReloadAssembly
Symbol file LoadedFromMemory doesn't match image D:\unity\Project Red Balloon\Red Balloon\Library\PackageCache\com.unity.visualscripting@1.7.8\Editor\VisualScripting.Core\Dependencies\YamlDotNet\Unity.VisualScripting.YamlDotNet.dll
Symbol file LoadedFromMemory doesn't match image D:\unity\Project Red Balloon\Red Balloon\Library\PackageCache\com.unity.visualscripting@1.7.8\Editor\VisualScripting.Core\Dependencies\DotNetZip\Unity.VisualScripting.IonicZip.dll
Native extension for WindowsStandalone target not found
Refreshing native plugins compatible for Editor in 0.64 ms, found 5 plugins.
Preloading 0 native plugins for Editor in 0.00 ms.
System.Exception: Error! Visual Scripting: couldn't find visual scripting package
  at Unity.VisualScripting.PackageVersionUtility.get_version () [0x00043] in D:\unity\Project Red Balloon\Red Balloon\Library\PackageCache\com.unity.visualscripting@1.7.8\Editor\VisualScripting.Core\Utilities\PackageVersionUtility.cs:31 
  at Unity.VisualScripting.BoltCoreManifest.get_version () [0x00000] in D:\unity\Project Red Balloon\Red Balloon\Library\PackageCache\com.unity.visualscripting@1.7.8\Editor\VisualScripting.Core\Plugin\BoltCoreManifest.cs:11 
  at Unity.VisualScripting.PluginManifest.get_currentVersion () [0x00000] in D:\unity\Project Red Balloon\Red Balloon\Library\PackageCache\com.unity.visualscripting@1.7.8\Editor\VisualScripting.Core\Plugins\PluginManifest.cs:33 
  at Unity.VisualScripting.PluginManifest.get_versionMismatch () [0x00000] in D:\unity\Project Red Balloon\Red Balloon\Library\PackageCache\com.unity.visualscripting@1.7.8\Editor\VisualScripting.Core\Plugins\PluginManifest.cs:48 
  at Unity.VisualScripting.PluginContainer.Initialize () [0x00525] in D:\unity\Project Red Balloon\Red Balloon\Library\PackageCache\com.unity.visualscripting@1.7.8\Editor\VisualScripting.Core\Plugins\PluginContainer.cs:208 
  at Unity.VisualScripting.PluginContainer.InitializeOnLoad () [0x00009] in D:\unity\Project Red Balloon\Red Balloon\Library\PackageCache\com.unity.visualscripting@1.7.8\Editor\VisualScripting.Core\Plugins\PluginContainer.cs:32 
  at Unity.VisualScripting.VSUsageUtility.DoInitializeOnLoadCalls () [0x00034] in D:\unity\Project Red Balloon\Red Balloon\Library\PackageCache\com.unity.visualscripting@1.7.8\Editor\VisualScripting.Core\Utilities\VSUsageUtility.cs:76 
  at Unity.VisualScripting.VSUsageUtility.set_isVisualScriptingUsed (System.Boolean value) [0x0002c] in D:\unity\Project Red Balloon\Red Balloon\Library\PackageCache\com.unity.visualscripting@1.7.8\Editor\VisualScripting.Core\Utilities\VSUsageUtility.cs:114 
  at Unity.VisualScripting.VSUsageUtility.CheckAndSetIsVisualScriptingUsed () [0x00032] in D:\unity\Project Red Balloon\Red Balloon\Library\PackageCache\com.unity.visualscripting@1.7.8\Editor\VisualScripting.Core\Utilities\VSUsageUtility.cs:48 
  at Unity.VisualScripting.VSUsageUtility..cctor () [0x00000] in D:\unity\Project Red Balloon\Red Balloon\Library\PackageCache\com.unity.visualscripting@1.7.8\Editor\VisualScripting.Core\Utilities\VSUsageUtility.cs:22 
UnityEngine.StackTraceUtility:ExtractStackTrace ()
UnityEngine.DebugLogHandler:LogFormat (UnityEngine.LogType,UnityEngine.Object,string,object[])
UnityEngine.Logger:Log (UnityEngine.LogType,object)
UnityEngine.Debug:LogError (object)
UnityEditor.EditorAssemblies:ProcessInitializeOnLoadAttributes (System.Type[])

Mono: successfully reloaded assembly
- Completed reload, in  1.347 seconds
Domain Reload Profiling:
	ReloadAssembly (1348ms)
		BeginReloadAssembly (135ms)
			ExecutionOrderSort (0ms)
			DisableScriptedObjects (5ms)
			BackupInstance (0ms)
			ReleaseScriptingObjects (0ms)
			CreateAndSetChildDomain (18ms)
		EndReloadAssembly (1093ms)
			LoadAssemblies (119ms)
			RebuildTransferFunctionScriptingTraits (0ms)
			SetupTypeCache (235ms)
			ReleaseScriptCaches (1ms)
			RebuildScriptCaches (47ms)
			SetupLoadedEditorAssemblies (677ms)
				LogAssemblyErrors (0ms)
				InitializePlatformSupportModulesInManaged (8ms)
				SetLoadedEditorAssemblies (0ms)
				RefreshPlugins (1ms)
				BeforeProcessingInitializeOnLoad (94ms)
				ProcessInitializeOnLoadAttributes (531ms)
				ProcessInitializeOnLoadMethodAttributes (22ms)
				AfterProcessingInitializeOnLoad (20ms)
				EditorAssembliesLoaded (0ms)
			ExecutionOrderSort2 (0ms)
			AwakeInstancesAfterBackupRestoration (12ms)
Platform modules already initialized, skipping
========================================================================
Worker process is ready to serve import requests
Launched and connected shader compiler UnityShaderCompiler.exe after 0.08 seconds
Refreshing native plugins compatible for Editor in 1.21 ms, found 5 plugins.
Preloading 0 native plugins for Editor in 0.00 ms.
Unloading 3546 Unused Serialized files (Serialized files now loaded: 0)
Unloading 28 unused Assets / (55.5 KB). Loaded Objects now: 4003.
Memory consumption went from 127.9 MB to 127.8 MB.
Total: 12.755300 ms (FindLiveObjects: 0.480100 ms CreateObjectMapping: 0.097100 ms MarkObjects: 12.090600 ms  DeleteObjects: 0.086200 ms)

AssetImportParameters requested are different than current active one (requested -> active):
  custom:video-decoder-ogg-theora: a1e56fd34408186e4bbccfd4996cb3dc -> 
  custom:container-muxer-webm: aa71ff27fc2769a1b78a27578f13a17b -> 
  custom:container-demuxer-webm: 4f35f7cbe854078d1ac9338744f61a02 -> 
  custom:video-encoder-webm-vp8: eb34c28f22e8b96e1ab97ce403110664 -> 
  custom:audio-encoder-webm-vorbis: bf7c407c2cedff20999df2af8eb42d56 -> 
  custom:framework-win-MediaFoundation: 216162199b28c13a410421893ffa2e32 -> 
  custom:container-demuxer-ogg: 62fdf1f143b41e24485cea50d1cbac27 -> 
  custom:video-decoder-webm-vp8: 9c59270c3fd7afecdb556c50c9e8de78 -> 
  custom:audio-decoder-ogg-vorbis: bf7c407c2cedff20999df2af8eb42d56 -> 
========================================================================
Received Import Request.
  Time since last request: 117935.418874 seconds.
  path: Assets/TerrainData_b8a47d0b-076c-4472-9c1e-97751001a5c9.asset
  artifactKey: Guid(543ea49fff42293479bbe7dcd8e03786) Importer(815301076,1909f56bfc062723c751e8b465ee728b)
Start importing Assets/TerrainData_b8a47d0b-076c-4472-9c1e-97751001a5c9.asset using Guid(543ea49fff42293479bbe7dcd8e03786) Importer(815301076,1909f56bfc062723c751e8b465ee728b)  -> (artifact id: 'd6f4f601a5dfb4b7154240d22a8637fb') in 0.073211 seconds 
========================================================================
Received Import Request.
  Time since last request: 0.000020 seconds.
  path: Assets/TerrainData_839ac070-56d7-4451-acf2-1f2efc62b200.asset
  artifactKey: Guid(eb2c520ecf763234a840f470b83d1006) Importer(815301076,1909f56bfc062723c751e8b465ee728b)
Start importing Assets/TerrainData_839ac070-56d7-4451-acf2-1f2efc62b200.asset using Guid(eb2c520ecf763234a840f470b83d1006) Importer(815301076,1909f56bfc062723c751e8b465ee728b)  -> (artifact id: '8046ebe07b2c8f06cc4f05b7d01d5d67') in 0.007047 seconds 
========================================================================
Received Import Request.
  Time since last request: 0.000015 seconds.
  path: Assets/TerrainData_af4d274c-bae9-4cd1-a5fa-a17dcb593059.asset
  artifactKey: Guid(1d9b0b3754c5df84697e0862a2271525) Importer(815301076,1909f56bfc062723c751e8b465ee728b)
Start importing Assets/TerrainData_af4d274c-bae9-4cd1-a5fa-a17dcb593059.asset using Guid(1d9b0b3754c5df84697e0862a2271525) Importer(815301076,1909f56bfc062723c751e8b465ee728b)  -> (artifact id: '81594062d370aae713b41b0a21bdbf38') in 0.006522 seconds 
========================================================================
Received Import Request.
  Time since last request: 0.000016 seconds.
  path: Assets/TerrainData_ea47f4a6-1b58-48ee-a2d9-5383deee1551.asset
  artifactKey: Guid(647a69b4646246540adfbeadb2f61126) Importer(815301076,1909f56bfc062723c751e8b465ee728b)
Start importing Assets/TerrainData_ea47f4a6-1b58-48ee-a2d9-5383deee1551.asset using Guid(647a69b4646246540adfbeadb2f61126) Importer(815301076,1909f56bfc062723c751e8b465ee728b)  -> (artifact id: '0f95dcf4e3b782ae21ca2f1e4758a6b8') in 0.005991 seconds 
========================================================================
Received Import Request.
  Time since last request: 0.000016 seconds.
  path: Assets/TerrainData_5a48df8f-dad5-42b5-a3c1-81b274058dc0.asset
  artifactKey: Guid(0a7c6af7d76a8824382ee61a25d6afbe) Importer(815301076,1909f56bfc062723c751e8b465ee728b)
Start importing Assets/TerrainData_5a48df8f-dad5-42b5-a3c1-81b274058dc0.asset using Guid(0a7c6af7d76a8824382ee61a25d6afbe) Importer(815301076,1909f56bfc062723c751e8b465ee728b)  -> (artifact id: '0d0aeae42844bcb25f12befaa9163d3f') in 0.006528 seconds 
========================================================================
Received Import Request.
  Time since last request: 0.000017 seconds.
  path: Assets/TerrainData_946c2c60-be42-4035-9237-6dff0f02d837.asset
  artifactKey: Guid(9ab427977d2cf71428f263e153af1985) Importer(815301076,1909f56bfc062723c751e8b465ee728b)
Start importing Assets/TerrainData_946c2c60-be42-4035-9237-6dff0f02d837.asset using Guid(9ab427977d2cf71428f263e153af1985) Importer(815301076,1909f56bfc062723c751e8b465ee728b)  -> (artifact id: '3252ce43d53a9433a2c7db83a3db0172') in 0.005936 seconds 
========================================================================
Received Import Request.
  Time since last request: 0.000018 seconds.
  path: Assets/TerrainData_190bcf24-f94e-4cdc-9c82-cb75f1948f38.asset
  artifactKey: Guid(a57a0c401f65db444849a1613ae4d419) Importer(815301076,1909f56bfc062723c751e8b465ee728b)
Start importing Assets/TerrainData_190bcf24-f94e-4cdc-9c82-cb75f1948f38.asset using Guid(a57a0c401f65db444849a1613ae4d419) Importer(815301076,1909f56bfc062723c751e8b465ee728b)  -> (artifact id: '68dd11909ee569360895225c7c1b556e') in 0.005550 seconds 
========================================================================
Received Import Request.
  Time since last request: 0.000022 seconds.
  path: Assets/TerrainData_48269161-1f79-446f-a6b0-65593c7d5fa0.asset
  artifactKey: Guid(99abce2c7ec367a4f9c0b9303e878d68) Importer(815301076,1909f56bfc062723c751e8b465ee728b)
Start importing Assets/TerrainData_48269161-1f79-446f-a6b0-65593c7d5fa0.asset using Guid(99abce2c7ec367a4f9c0b9303e878d68) Importer(815301076,1909f56bfc062723c751e8b465ee728b)  -> (artifact id: '32e5353843104ce44d26aab7ca9f5060') in 0.006588 seconds 
========================================================================
Received Import Request.
  Time since last request: 0.000019 seconds.
  path: Assets/TerrainData_95ee81d6-2866-49f9-b24a-f2d0a13f8a1f.asset
  artifactKey: Guid(6bfed6561a9e0b64cbc412b534ee47b2) Importer(815301076,1909f56bfc062723c751e8b465ee728b)
Start importing Assets/TerrainData_95ee81d6-2866-49f9-b24a-f2d0a13f8a1f.asset using Guid(6bfed6561a9e0b64cbc412b534ee47b2) Importer(815301076,1909f56bfc062723c751e8b465ee728b)  -> (artifact id: '52c2318283f1c483c36ad87ab8e924cf') in 0.007539 seconds 
========================================================================
Received Import Request.
  Time since last request: 0.000021 seconds.
  path: Assets/TerrainData_08d5eccb-8eb8-4f62-91aa-f5f0c7f6faac.asset
  artifactKey: Guid(c8d42e764b75fa84c804f7ce15457506) Importer(815301076,1909f56bfc062723c751e8b465ee728b)
Start importing Assets/TerrainData_08d5eccb-8eb8-4f62-91aa-f5f0c7f6faac.asset using Guid(c8d42e764b75fa84c804f7ce15457506) Importer(815301076,1909f56bfc062723c751e8b465ee728b)  -> (artifact id: '07318dcc9d0fc8f155b779008e96bc53') in 0.007140 seconds 
========================================================================
Received Import Request.
  Time since last request: 0.000018 seconds.
  path: Assets/Unity.VisualScripting.Generated
  artifactKey: Guid(f92a8f5853eacec4d95b2a0db72947e3) Importer(815301076,1909f56bfc062723c751e8b465ee728b)
Start importing Assets/Unity.VisualScripting.Generated using Guid(f92a8f5853eacec4d95b2a0db72947e3) Importer(815301076,1909f56bfc062723c751e8b465ee728b)  -> (artifact id: 'a8990b8e0adfb4bfb51227ddc77a4975') in 0.001834 seconds 
========================================================================
Received Import Request.
  Time since last request: 0.000017 seconds.
  path: Assets/New Terrain 2.asset
  artifactKey: Guid(fa967375882f08248939cffdccf11af4) Importer(815301076,1909f56bfc062723c751e8b465ee728b)
Start importing Assets/New Terrain 2.asset using Guid(fa967375882f08248939cffdccf11af4) Importer(815301076,1909f56bfc062723c751e8b465ee728b)  -> (artifact id: 'c7facffc5b90ca0c92cb503923a630b2') in 0.007202 seconds 
========================================================================
Received Import Request.
  Time since last request: 0.000020 seconds.
  path: Assets/TerrainData_365ab33c-8d04-4b91-a368-b50ce0952239.asset
  artifactKey: Guid(e3d4d5afd163ad943b7f71d5d933b1e2) Importer(815301076,1909f56bfc062723c751e8b465ee728b)
Start importing Assets/TerrainData_365ab33c-8d04-4b91-a368-b50ce0952239.asset using Guid(e3d4d5afd163ad943b7f71d5d933b1e2) Importer(815301076,1909f56bfc062723c751e8b465ee728b)  -> (artifact id: 'e6a0fd36d4b8caf3f5fb6bf6f5533291') in 0.005354 seconds 
========================================================================
Received Import Request.
  Time since last request: 13.436922 seconds.
  path: Assets/Object/BalloonForTest.prefab
  artifactKey: Guid(94d8e619dd23d8442b71a145ec040446) Importer(815301076,1909f56bfc062723c751e8b465ee728b)
Start importing Assets/Object/BalloonForTest.prefab using Guid(94d8e619dd23d8442b71a145ec040446) Importer(815301076,1909f56bfc062723c751e8b465ee728b)  -> (artifact id: '32b768ea1f72e8283c06d47e518dcb00') in 0.253084 seconds 
========================================================================
Received Import Request.
  Time since last request: 0.132725 seconds.
  path: Assets/Gimmik/New Physic Material.physicMaterial
  artifactKey: Guid(d73a16a80a926bf4b8ffa6b5b3890a11) Importer(815301076,1909f56bfc062723c751e8b465ee728b)
Start importing Assets/Gimmik/New Physic Material.physicMaterial using Guid(d73a16a80a926bf4b8ffa6b5b3890a11) Importer(815301076,1909f56bfc062723c751e8b465ee728b)  -> (artifact id: '0bad3b0abf4c53ead958cf6c85052d0f') in 0.006203 seconds 
========================================================================
Received Import Request.
  Time since last request: 0.073774 seconds.
  path: Assets/Gimmik/풍선.blend
  artifactKey: Guid(876e3687d98bf8d4abc0b850fd3fc427) Importer(815301076,1909f56bfc062723c751e8b465ee728b)
Start importing Assets/Gimmik/풍선.blend using Guid(876e3687d98bf8d4abc0b850fd3fc427) Importer(815301076,1909f56bfc062723c751e8b465ee728b)  -> (artifact id: '54d7238bab60f810d1d15f489104f87b') in 0.233587 seconds 
========================================================================
Received Prepare
Registering precompiled user dll's ...
Registered in 0.009376 seconds.
Begin MonoManager ReloadAssembly
Symbol file LoadedFromMemory doesn't match image D:\unity\Project Red Balloon\Red Balloon\Library\PackageCache\com.unity.visualscripting@1.7.8\Editor\VisualScripting.Core\Dependencies\YamlDotNet\Unity.VisualScripting.YamlDotNet.dll
Symbol file LoadedFromMemory doesn't match image D:\unity\Project Red Balloon\Red Balloon\Library\PackageCache\com.unity.visualscripting@1.7.8\Editor\VisualScripting.Core\Dependencies\DotNetZip\Unity.VisualScripting.IonicZip.dll
Native extension for WindowsStandalone target not found
Refreshing native plugins compatible for Editor in 0.68 ms, found 5 plugins.
Preloading 0 native plugins for Editor in 0.00 ms.
[ScriptCompilation] NOT recompiling all scripts because this is an import worker process. Reason to compile was: Define symbols changed
System.Exception: Error! Visual Scripting: couldn't find visual scripting package
  at Unity.VisualScripting.PackageVersionUtility.get_version () [0x00043] in D:\unity\Project Red Balloon\Red Balloon\Library\PackageCache\com.unity.visualscripting@1.7.8\Editor\VisualScripting.Core\Utilities\PackageVersionUtility.cs:31 
  at Unity.VisualScripting.BoltCoreManifest.get_version () [0x00000] in D:\unity\Project Red Balloon\Red Balloon\Library\PackageCache\com.unity.visualscripting@1.7.8\Editor\VisualScripting.Core\Plugin\BoltCoreManifest.cs:11 
  at Unity.VisualScripting.PluginManifest.get_currentVersion () [0x00000] in D:\unity\Project Red Balloon\Red Balloon\Library\PackageCache\com.unity.visualscripting@1.7.8\Editor\VisualScripting.Core\Plugins\PluginManifest.cs:33 
  at Unity.VisualScripting.PluginManifest.get_versionMismatch () [0x00000] in D:\unity\Project Red Balloon\Red Balloon\Library\PackageCache\com.unity.visualscripting@1.7.8\Editor\VisualScripting.Core\Plugins\PluginManifest.cs:48 
  at Unity.VisualScripting.PluginContainer.Initialize () [0x00525] in D:\unity\Project Red Balloon\Red Balloon\Library\PackageCache\com.unity.visualscripting@1.7.8\Editor\VisualScripting.Core\Plugins\PluginContainer.cs:208 
  at Unity.VisualScripting.PluginContainer.InitializeOnLoad () [0x00009] in D:\unity\Project Red Balloon\Red Balloon\Library\PackageCache\com.unity.visualscripting@1.7.8\Editor\VisualScripting.Core\Plugins\PluginContainer.cs:32 
  at Unity.VisualScripting.VSUsageUtility.DoInitializeOnLoadCalls () [0x00034] in D:\unity\Project Red Balloon\Red Balloon\Library\PackageCache\com.unity.visualscripting@1.7.8\Editor\VisualScripting.Core\Utilities\VSUsageUtility.cs:76 
  at Unity.VisualScripting.VSUsageUtility.set_isVisualScriptingUsed (System.Boolean value) [0x0002c] in D:\unity\Project Red Balloon\Red Balloon\Library\PackageCache\com.unity.visualscripting@1.7.8\Editor\VisualScripting.Core\Utilities\VSUsageUtility.cs:114 
  at Unity.VisualScripting.VSUsageUtility.CheckAndSetIsVisualScriptingUsed () [0x0000d] in D:\unity\Project Red Balloon\Red Balloon\Library\PackageCache\com.unity.visualscripting@1.7.8\Editor\VisualScripting.Core\Utilities\VSUsageUtility.cs:33 
  at Unity.VisualScripting.VSUsageUtility..cctor () [0x00000] in D:\unity\Project Red Balloon\Red Balloon\Library\PackageCache\com.unity.visualscripting@1.7.8\Editor\VisualScripting.Core\Utilities\VSUsageUtility.cs:22 
UnityEngine.StackTraceUtility:ExtractStackTrace ()
UnityEngine.DebugLogHandler:LogFormat (UnityEngine.LogType,UnityEngine.Object,string,object[])
UnityEngine.Logger:Log (UnityEngine.LogType,object)
UnityEngine.Debug:LogError (object)
UnityEditor.EditorAssemblies:ProcessInitializeOnLoadAttributes (System.Type[])

Mono: successfully reloaded assembly
- Completed reload, in  1.375 seconds
Domain Reload Profiling:
	ReloadAssembly (1376ms)
		BeginReloadAssembly (187ms)
			ExecutionOrderSort (0ms)
			DisableScriptedObjects (4ms)
			BackupInstance (0ms)
			ReleaseScriptingObjects (0ms)
			CreateAndSetChildDomain (45ms)
		EndReloadAssembly (1076ms)
			LoadAssemblies (131ms)
			RebuildTransferFunctionScriptingTraits (0ms)
			SetupTypeCache (226ms)
			ReleaseScriptCaches (1ms)
			RebuildScriptCaches (38ms)
			SetupLoadedEditorAssemblies (524ms)
				LogAssemblyErrors (0ms)
				InitializePlatformSupportModulesInManaged (17ms)
				SetLoadedEditorAssemblies (0ms)
				RefreshPlugins (1ms)
				BeforeProcessingInitializeOnLoad (84ms)
				ProcessInitializeOnLoadAttributes (375ms)
				ProcessInitializeOnLoadMethodAttributes (24ms)
				AfterProcessingInitializeOnLoad (22ms)
				EditorAssembliesLoaded (0ms)
			ExecutionOrderSort2 (0ms)
			AwakeInstancesAfterBackupRestoration (14ms)
Platform modules already initialized, skipping
Refreshing native plugins compatible for Editor in 6.52 ms, found 5 plugins.
Preloading 0 native plugins for Editor in 0.00 ms.
Unloading 3651 Unused Serialized files (Serialized files now loaded: 0)
Unloading 63 unused Assets / (3.7 MB). Loaded Objects now: 4144.
Memory consumption went from 143.6 MB to 139.8 MB.
Total: 12.373400 ms (FindLiveObjects: 0.282000 ms CreateObjectMapping: 0.177700 ms MarkObjects: 10.817100 ms  DeleteObjects: 1.095500 ms)

AssetImportParameters requested are different than current active one (requested -> active):
  custom:video-decoder-ogg-theora: a1e56fd34408186e4bbccfd4996cb3dc -> 
  custom:container-muxer-webm: aa71ff27fc2769a1b78a27578f13a17b -> 
  custom:container-demuxer-webm: 4f35f7cbe854078d1ac9338744f61a02 -> 
  custom:video-encoder-webm-vp8: eb34c28f22e8b96e1ab97ce403110664 -> 
  custom:audio-encoder-webm-vorbis: bf7c407c2cedff20999df2af8eb42d56 -> 
  custom:framework-win-MediaFoundation: 216162199b28c13a410421893ffa2e32 -> 
  custom:container-demuxer-ogg: 62fdf1f143b41e24485cea50d1cbac27 -> 
  custom:video-decoder-webm-vp8: 9c59270c3fd7afecdb556c50c9e8de78 -> 
  custom:audio-decoder-ogg-vorbis: bf7c407c2cedff20999df2af8eb42d56 -> 
========================================================================
Received Prepare
Registering precompiled user dll's ...
Registered in 0.009422 seconds.
Begin MonoManager ReloadAssembly
Symbol file LoadedFromMemory doesn't match image D:\unity\Project Red Balloon\Red Balloon\Library\PackageCache\com.unity.visualscripting@1.7.8\Editor\VisualScripting.Core\Dependencies\YamlDotNet\Unity.VisualScripting.YamlDotNet.dll
Symbol file LoadedFromMemory doesn't match image D:\unity\Project Red Balloon\Red Balloon\Library\PackageCache\com.unity.visualscripting@1.7.8\Editor\VisualScripting.Core\Dependencies\DotNetZip\Unity.VisualScripting.IonicZip.dll
Native extension for WindowsStandalone target not found
Refreshing native plugins compatible for Editor in 0.63 ms, found 5 plugins.
Preloading 0 native plugins for Editor in 0.00 ms.
[ScriptCompilation] NOT recompiling all scripts because this is an import worker process. Reason to compile was: Define symbols changed
System.Exception: Error! Visual Scripting: couldn't find visual scripting package
  at Unity.VisualScripting.PackageVersionUtility.get_version () [0x00043] in D:\unity\Project Red Balloon\Red Balloon\Library\PackageCache\com.unity.visualscripting@1.7.8\Editor\VisualScripting.Core\Utilities\PackageVersionUtility.cs:31 
  at Unity.VisualScripting.BoltCoreManifest.get_version () [0x00000] in D:\unity\Project Red Balloon\Red Balloon\Library\PackageCache\com.unity.visualscripting@1.7.8\Editor\VisualScripting.Core\Plugin\BoltCoreManifest.cs:11 
  at Unity.VisualScripting.PluginManifest.get_currentVersion () [0x00000] in D:\unity\Project Red Balloon\Red Balloon\Library\PackageCache\com.unity.visualscripting@1.7.8\Editor\VisualScripting.Core\Plugins\PluginManifest.cs:33 
  at Unity.VisualScripting.PluginManifest.get_versionMismatch () [0x00000] in D:\unity\Project Red Balloon\Red Balloon\Library\PackageCache\com.unity.visualscripting@1.7.8\Editor\VisualScripting.Core\Plugins\PluginManifest.cs:48 
  at Unity.VisualScripting.PluginContainer.Initialize () [0x00525] in D:\unity\Project Red Balloon\Red Balloon\Library\PackageCache\com.unity.visualscripting@1.7.8\Editor\VisualScripting.Core\Plugins\PluginContainer.cs:208 
  at Unity.VisualScripting.PluginContainer.InitializeOnLoad () [0x00009] in D:\unity\Project Red Balloon\Red Balloon\Library\PackageCache\com.unity.visualscripting@1.7.8\Editor\VisualScripting.Core\Plugins\PluginContainer.cs:32 
  at Unity.VisualScripting.VSUsageUtility.DoInitializeOnLoadCalls () [0x00034] in D:\unity\Project Red Balloon\Red Balloon\Library\PackageCache\com.unity.visualscripting@1.7.8\Editor\VisualScripting.Core\Utilities\VSUsageUtility.cs:76 
  at Unity.VisualScripting.VSUsageUtility.set_isVisualScriptingUsed (System.Boolean value) [0x0002c] in D:\unity\Project Red Balloon\Red Balloon\Library\PackageCache\com.unity.visualscripting@1.7.8\Editor\VisualScripting.Core\Utilities\VSUsageUtility.cs:114 
  at Unity.VisualScripting.VSUsageUtility.CheckAndSetIsVisualScriptingUsed () [0x0000d] in D:\unity\Project Red Balloon\Red Balloon\Library\PackageCache\com.unity.visualscripting@1.7.8\Editor\VisualScripting.Core\Utilities\VSUsageUtility.cs:33 
  at Unity.VisualScripting.VSUsageUtility..cctor () [0x00000] in D:\unity\Project Red Balloon\Red Balloon\Library\PackageCache\com.unity.visualscripting@1.7.8\Editor\VisualScripting.Core\Utilities\VSUsageUtility.cs:22 
UnityEngine.StackTraceUtility:ExtractStackTrace ()
UnityEngine.DebugLogHandler:LogFormat (UnityEngine.LogType,UnityEngine.Object,string,object[])
UnityEngine.Logger:Log (UnityEngine.LogType,object)
UnityEngine.Debug:LogError (object)
UnityEditor.EditorAssemblies:ProcessInitializeOnLoadAttributes (System.Type[])

Mono: successfully reloaded assembly
- Completed reload, in  1.272 seconds
Domain Reload Profiling:
	ReloadAssembly (1273ms)
		BeginReloadAssembly (179ms)
			ExecutionOrderSort (0ms)
			DisableScriptedObjects (4ms)
			BackupInstance (0ms)
			ReleaseScriptingObjects (0ms)
			CreateAndSetChildDomain (42ms)
		EndReloadAssembly (996ms)
			LoadAssemblies (124ms)
			RebuildTransferFunctionScriptingTraits (0ms)
			SetupTypeCache (204ms)
			ReleaseScriptCaches (2ms)
			RebuildScriptCaches (37ms)
			SetupLoadedEditorAssemblies (487ms)
				LogAssemblyErrors (0ms)
				InitializePlatformSupportModulesInManaged (14ms)
				SetLoadedEditorAssemblies (0ms)
				RefreshPlugins (1ms)
				BeforeProcessingInitializeOnLoad (76ms)
				ProcessInitializeOnLoadAttributes (353ms)
				ProcessInitializeOnLoadMethodAttributes (23ms)
				AfterProcessingInitializeOnLoad (19ms)
				EditorAssembliesLoaded (0ms)
			ExecutionOrderSort2 (0ms)
			AwakeInstancesAfterBackupRestoration (13ms)
Platform modules already initialized, skipping
Refreshing native plugins compatible for Editor in 12.69 ms, found 5 plugins.
Preloading 0 native plugins for Editor in 0.00 ms.
Unloading 3658 Unused Serialized files (Serialized files now loaded: 0)
Unloading 63 unused Assets / (3.7 MB). Loaded Objects now: 4152.
Memory consumption went from 144.6 MB to 140.9 MB.
Total: 12.099400 ms (FindLiveObjects: 0.241400 ms CreateObjectMapping: 0.158000 ms MarkObjects: 10.737200 ms  DeleteObjects: 0.961600 ms)

AssetImportParameters requested are different than current active one (requested -> active):
  custom:video-decoder-ogg-theora: a1e56fd34408186e4bbccfd4996cb3dc -> 
  custom:container-muxer-webm: aa71ff27fc2769a1b78a27578f13a17b -> 
  custom:container-demuxer-webm: 4f35f7cbe854078d1ac9338744f61a02 -> 
  custom:video-encoder-webm-vp8: eb34c28f22e8b96e1ab97ce403110664 -> 
  custom:audio-encoder-webm-vorbis: bf7c407c2cedff20999df2af8eb42d56 -> 
  custom:framework-win-MediaFoundation: 216162199b28c13a410421893ffa2e32 -> 
  custom:container-demuxer-ogg: 62fdf1f143b41e24485cea50d1cbac27 -> 
  custom:video-decoder-webm-vp8: 9c59270c3fd7afecdb556c50c9e8de78 -> 
  custom:audio-decoder-ogg-vorbis: bf7c407c2cedff20999df2af8eb42d56 -> 
========================================================================
Received Import Request.
  Time since last request: 259.112475 seconds.
  path: Assets/BIG_Environment_Pack_LP/Environment/Rocks&Vegetation/Trees_Bushes_Plants_Flowers/Prefabs/Beech_11_LP.prefab
  artifactKey: Guid(07f163ec05948f94d98f484de75d6a48) Importer(815301076,1909f56bfc062723c751e8b465ee728b)
Start importing Assets/BIG_Environment_Pack_LP/Environment/Rocks&Vegetation/Trees_Bushes_Plants_Flowers/Prefabs/Beech_11_LP.prefab using Guid(07f163ec05948f94d98f484de75d6a48) Importer(815301076,1909f56bfc062723c751e8b465ee728b)  -> (artifact id: '02dd9a3f18321c70a32b947deaaa131c') in 0.259571 seconds 
========================================================================
Received Import Request.
  Time since last request: 0.000029 seconds.
  path: Assets/BIG_Environment_Pack_LP/Environment/Rocks&Vegetation/Trees_Bushes_Plants_Flowers/Prefabs/Bush05_06_LP.prefab
  artifactKey: Guid(a84eb92b98e020643a69d2dbbd733d22) Importer(815301076,1909f56bfc062723c751e8b465ee728b)
Start importing Assets/BIG_Environment_Pack_LP/Environment/Rocks&Vegetation/Trees_Bushes_Plants_Flowers/Prefabs/Bush05_06_LP.prefab using Guid(a84eb92b98e020643a69d2dbbd733d22) Importer(815301076,1909f56bfc062723c751e8b465ee728b)  -> (artifact id: '8860d8a0fe875995e9d5513f9a58c93f') in 0.025061 seconds 
========================================================================
Received Import Request.
  Time since last request: 0.000021 seconds.
  path: Assets/BIG_Environment_Pack_LP/Environment/Rocks&Vegetation/Trees_Bushes_Plants_Flowers/Prefabs/GWood_Sand_07.prefab
  artifactKey: Guid(861141002dae7334d85c7961d6c5747c) Importer(815301076,1909f56bfc062723c751e8b465ee728b)
Start importing Assets/BIG_Environment_Pack_LP/Environment/Rocks&Vegetation/Trees_Bushes_Plants_Flowers/Prefabs/GWood_Sand_07.prefab using Guid(861141002dae7334d85c7961d6c5747c) Importer(815301076,1909f56bfc062723c751e8b465ee728b)  -> (artifact id: 'af62ffcb5a77a59c9b0e3a8317cafcd2') in 0.233025 seconds 
========================================================================
Received Import Request.
  Time since last request: 0.000021 seconds.
  path: Assets/BIG_Environment_Pack_LP/Environment/Rocks&Vegetation/Trees_Bushes_Plants_Flowers/Prefabs/GWood_05_C.prefab
  artifactKey: Guid(07ae1de51c3a07b48902af7481c12a5d) Importer(815301076,1909f56bfc062723c751e8b465ee728b)
Start importing Assets/BIG_Environment_Pack_LP/Environment/Rocks&Vegetation/Trees_Bushes_Plants_Flowers/Prefabs/GWood_05_C.prefab using Guid(07ae1de51c3a07b48902af7481c12a5d) Importer(815301076,1909f56bfc062723c751e8b465ee728b)  -> (artifact id: '6ba664bf831033bab73b003e6296139f') in 0.013242 seconds 
========================================================================
Received Import Request.
  Time since last request: 0.000038 seconds.
  path: Assets/BIG_Environment_Pack_LP/Environment/Rocks&Vegetation/Trees_Bushes_Plants_Flowers/Prefabs/Bush01_05_LP.prefab
  artifactKey: Guid(b671b883e1ba1df4791ace4681865b34) Importer(815301076,1909f56bfc062723c751e8b465ee728b)
Start importing Assets/BIG_Environment_Pack_LP/Environment/Rocks&Vegetation/Trees_Bushes_Plants_Flowers/Prefabs/Bush01_05_LP.prefab using Guid(b671b883e1ba1df4791ace4681865b34) Importer(815301076,1909f56bfc062723c751e8b465ee728b)  -> (artifact id: 'c913b5083a6c752d9ab7d41a241b85a3') in 0.020123 seconds 
========================================================================
Received Import Request.
  Time since last request: 0.000019 seconds.
  path: Assets/BIG_Environment_Pack_LP/Environment/Rocks&Vegetation/Trees_Bushes_Plants_Flowers/Prefabs/Conifer_04_LP.prefab
  artifactKey: Guid(6043151e31441e14795ecda1107b0806) Importer(815301076,1909f56bfc062723c751e8b465ee728b)
Start importing Assets/BIG_Environment_Pack_LP/Environment/Rocks&Vegetation/Trees_Bushes_Plants_Flowers/Prefabs/Conifer_04_LP.prefab using Guid(6043151e31441e14795ecda1107b0806) Importer(815301076,1909f56bfc062723c751e8b465ee728b)  -> (artifact id: 'b78cc3171863685e34e9cbe5c55be1a8') in 0.019201 seconds 
========================================================================
Received Import Request.
  Time since last request: 0.000018 seconds.
  path: Assets/BIG_Environment_Pack_LP/Environment/Rocks&Vegetation/Trees_Bushes_Plants_Flowers/Prefabs/GWood_03_C.prefab
  artifactKey: Guid(11e42e66ac8e81d45b7c6be8efc141e1) Importer(815301076,1909f56bfc062723c751e8b465ee728b)
Start importing Assets/BIG_Environment_Pack_LP/Environment/Rocks&Vegetation/Trees_Bushes_Plants_Flowers/Prefabs/GWood_03_C.prefab using Guid(11e42e66ac8e81d45b7c6be8efc141e1) Importer(815301076,1909f56bfc062723c751e8b465ee728b)  -> (artifact id: 'f3961b553fc62e703f0ff13e0503858e') in 0.011525 seconds 
========================================================================
Received Import Request.
  Time since last request: 0.000023 seconds.
  path: Assets/BIG_Environment_Pack_LP/Environment/Rocks&Vegetation/Trees_Bushes_Plants_Flowers/Prefabs/GWood_02_C.prefab
  artifactKey: Guid(270cadb2d2652124bb13e6d62d89653a) Importer(815301076,1909f56bfc062723c751e8b465ee728b)
Start importing Assets/BIG_Environment_Pack_LP/Environment/Rocks&Vegetation/Trees_Bushes_Plants_Flowers/Prefabs/GWood_02_C.prefab using Guid(270cadb2d2652124bb13e6d62d89653a) Importer(815301076,1909f56bfc062723c751e8b465ee728b)  -> (artifact id: '63b3d4301252e6547f7adcc316818f5d') in 0.011506 seconds 
========================================================================
Received Import Request.
  Time since last request: 0.000024 seconds.
  path: Assets/BIG_Environment_Pack_LP/Environment/Rocks&Vegetation/Trees_Bushes_Plants_Flowers/Prefabs/Ivy_Tendril_02.prefab
  artifactKey: Guid(aba6826948fb94a47adb1ed58ff521cb) Importer(815301076,1909f56bfc062723c751e8b465ee728b)
Start importing Assets/BIG_Environment_Pack_LP/Environment/Rocks&Vegetation/Trees_Bushes_Plants_Flowers/Prefabs/Ivy_Tendril_02.prefab using Guid(aba6826948fb94a47adb1ed58ff521cb) Importer(815301076,1909f56bfc062723c751e8b465ee728b)  -> (artifact id: '9406ea4a67f1caa090be9dc88dfad77b') in 0.222345 seconds 
========================================================================
Received Import Request.
  Time since last request: 0.000024 seconds.
  path: Assets/BIG_Environment_Pack_LP/Environment/Rocks&Vegetation/Trees_Bushes_Plants_Flowers/Prefabs/Bush_02_03_LP.prefab
  artifactKey: Guid(6fe6d17436d539a49b96e8161fec4c9b) Importer(815301076,1909f56bfc062723c751e8b465ee728b)
Start importing Assets/BIG_Environment_Pack_LP/Environment/Rocks&Vegetation/Trees_Bushes_Plants_Flowers/Prefabs/Bush_02_03_LP.prefab using Guid(6fe6d17436d539a49b96e8161fec4c9b) Importer(815301076,1909f56bfc062723c751e8b465ee728b)  -> (artifact id: 'eb5556323cc11e08794128f76fd59ede') in 0.017794 seconds 
========================================================================
Received Import Request.
  Time since last request: 0.000024 seconds.
  path: Assets/BIG_Environment_Pack_LP/Environment/Rocks&Vegetation/Trees_Bushes_Plants_Flowers/Prefabs/Mushrooms_02_LP.prefab
  artifactKey: Guid(e19c416e1d29d2f4793cbcf8a978f950) Importer(815301076,1909f56bfc062723c751e8b465ee728b)
Start importing Assets/BIG_Environment_Pack_LP/Environment/Rocks&Vegetation/Trees_Bushes_Plants_Flowers/Prefabs/Mushrooms_02_LP.prefab using Guid(e19c416e1d29d2f4793cbcf8a978f950) Importer(815301076,1909f56bfc062723c751e8b465ee728b)  -> (artifact id: '926761ff4809665f40f6da8b55a3ce1e') in 0.018605 seconds 
========================================================================
Received Import Request.
  Time since last request: 0.000020 seconds.
  path: Assets/BIG_Environment_Pack_LP/Environment/Rocks&Vegetation/Trees_Bushes_Plants_Flowers/Prefabs/LongGrass_01_LP.prefab
  artifactKey: Guid(cda802ee539ae1f4c99f903245e9ee46) Importer(815301076,1909f56bfc062723c751e8b465ee728b)
Start importing Assets/BIG_Environment_Pack_LP/Environment/Rocks&Vegetation/Trees_Bushes_Plants_Flowers/Prefabs/LongGrass_01_LP.prefab using Guid(cda802ee539ae1f4c99f903245e9ee46) Importer(815301076,1909f56bfc062723c751e8b465ee728b)  -> (artifact id: 'b676c12fff90e7ac1b71a041a116755f') in 0.017651 seconds 
========================================================================
Received Import Request.
  Time since last request: 0.000015 seconds.
  path: Assets/BIG_Environment_Pack_LP/Environment/Rocks&Vegetation/Trees_Bushes_Plants_Flowers/Prefabs/GWood_01_C.prefab
  artifactKey: Guid(766b14d7e99f2c04090372c7240b57e1) Importer(815301076,1909f56bfc062723c751e8b465ee728b)
Start importing Assets/BIG_Environment_Pack_LP/Environment/Rocks&Vegetation/Trees_Bushes_Plants_Flowers/Prefabs/GWood_01_C.prefab using Guid(766b14d7e99f2c04090372c7240b57e1) Importer(815301076,1909f56bfc062723c751e8b465ee728b)  -> (artifact id: 'ae6e054772ab83e4c4ee08002c291d87') in 0.011037 seconds 
========================================================================
Received Import Request.
  Time since last request: 0.000020 seconds.
  path: Assets/BIG_Environment_Pack_LP/Environment/Rocks&Vegetation/Trees_Bushes_Plants_Flowers/Prefabs/Dead_Tree_05_LP_Dark.prefab
  artifactKey: Guid(3afbcb50c50dfac4cb42677421954824) Importer(815301076,1909f56bfc062723c751e8b465ee728b)
Start importing Assets/BIG_Environment_Pack_LP/Environment/Rocks&Vegetation/Trees_Bushes_Plants_Flowers/Prefabs/Dead_Tree_05_LP_Dark.prefab using Guid(3afbcb50c50dfac4cb42677421954824) Importer(815301076,1909f56bfc062723c751e8b465ee728b)  -> (artifact id: 'c37d314ab67e2d9b6d9260dc6bacd385') in 0.018061 seconds 
========================================================================
Received Import Request.
  Time since last request: 0.000018 seconds.
  path: Assets/BIG_Environment_Pack_LP/Environment/Rocks&Vegetation/Trees_Bushes_Plants_Flowers/Prefabs/Ivy_tendril_big_02_Hang.prefab
  artifactKey: Guid(39c58c83f9715c64ebe0b7d4b9bc67b0) Importer(815301076,1909f56bfc062723c751e8b465ee728b)
Start importing Assets/BIG_Environment_Pack_LP/Environment/Rocks&Vegetation/Trees_Bushes_Plants_Flowers/Prefabs/Ivy_tendril_big_02_Hang.prefab using Guid(39c58c83f9715c64ebe0b7d4b9bc67b0) Importer(815301076,1909f56bfc062723c751e8b465ee728b)  -> (artifact id: '876fa5d401a77237a8c1bec669e929b9') in 0.010676 seconds 
========================================================================
Received Import Request.
  Time since last request: 0.000019 seconds.
  path: Assets/BIG_Environment_Pack_LP/Environment/Rocks&Vegetation/Trees_Bushes_Plants_Flowers/Prefabs/GWood_03.prefab
  artifactKey: Guid(2f63379dec578904e9f370120a08e2e9) Importer(815301076,1909f56bfc062723c751e8b465ee728b)
Start importing Assets/BIG_Environment_Pack_LP/Environment/Rocks&Vegetation/Trees_Bushes_Plants_Flowers/Prefabs/GWood_03.prefab using Guid(2f63379dec578904e9f370120a08e2e9) Importer(815301076,1909f56bfc062723c751e8b465ee728b)  -> (artifact id: '64bb4772ba99817f6b95276607e980f8') in 0.009645 seconds 
========================================================================
Received Import Request.
  Time since last request: 0.000020 seconds.
  path: Assets/BIG_Environment_Pack_LP/Environment/Rocks&Vegetation/Trees_Bushes_Plants_Flowers/Prefabs/GWood_04_C.prefab
  artifactKey: Guid(59693e3cf96cf104b82f0bb346148797) Importer(815301076,1909f56bfc062723c751e8b465ee728b)
Start importing Assets/BIG_Environment_Pack_LP/Environment/Rocks&Vegetation/Trees_Bushes_Plants_Flowers/Prefabs/GWood_04_C.prefab using Guid(59693e3cf96cf104b82f0bb346148797) Importer(815301076,1909f56bfc062723c751e8b465ee728b)  -> (artifact id: 'da096615d9172c9e41abc8f114e7e1a0') in 0.009290 seconds 
========================================================================
Received Import Request.
  Time since last request: 0.000017 seconds.
  path: Assets/BIG_Environment_Pack_LP/Environment/Rocks&Vegetation/Trees_Bushes_Plants_Flowers/Prefabs/Conifer_01_LP.prefab
  artifactKey: Guid(f01bc91505e6902459373b61cef4f94c) Importer(815301076,1909f56bfc062723c751e8b465ee728b)
Start importing Assets/BIG_Environment_Pack_LP/Environment/Rocks&Vegetation/Trees_Bushes_Plants_Flowers/Prefabs/Conifer_01_LP.prefab using Guid(f01bc91505e6902459373b61cef4f94c) Importer(815301076,1909f56bfc062723c751e8b465ee728b)  -> (artifact id: '39ed59278822c923e6006246f39f3b70') in 0.017753 seconds 
========================================================================
Received Import Request.
  Time since last request: 0.000016 seconds.
  path: Assets/BIG_Environment_Pack_LP/Environment/Rocks&Vegetation/Trees_Bushes_Plants_Flowers/Prefabs/GWood_Moss_02.prefab
  artifactKey: Guid(766db8ff6c3afc7459bf77037c54aa55) Importer(815301076,1909f56bfc062723c751e8b465ee728b)
Start importing Assets/BIG_Environment_Pack_LP/Environment/Rocks&Vegetation/Trees_Bushes_Plants_Flowers/Prefabs/GWood_Moss_02.prefab using Guid(766db8ff6c3afc7459bf77037c54aa55) Importer(815301076,1909f56bfc062723c751e8b465ee728b)  -> (artifact id: '0bdd6928e1d8094c2f80facdae9b7487') in 0.011690 seconds 
========================================================================
Received Import Request.
  Time since last request: 0.000025 seconds.
  path: Assets/BIG_Environment_Pack_LP/Environment/Rocks&Vegetation/Trees_Bushes_Plants_Flowers/Prefabs/Ivy_Tendril_L_01.prefab
  artifactKey: Guid(23a609d20ac21cb4b9f1a64a8608b957) Importer(815301076,1909f56bfc062723c751e8b465ee728b)
Start importing Assets/BIG_Environment_Pack_LP/Environment/Rocks&Vegetation/Trees_Bushes_Plants_Flowers/Prefabs/Ivy_Tendril_L_01.prefab using Guid(23a609d20ac21cb4b9f1a64a8608b957) Importer(815301076,1909f56bfc062723c751e8b465ee728b)  -> (artifact id: '533dbd08165e1bc54c13c0f1b86a7ea9') in 0.011045 seconds 
========================================================================
Received Import Request.
  Time since last request: 0.000026 seconds.
  path: Assets/BIG_Environment_Pack_LP/Environment/Rocks&Vegetation/Trees_Bushes_Plants_Flowers/Prefabs/Wood_02_Dry.prefab
  artifactKey: Guid(1d0cc8f1d825ad842b2bf0f312a72f82) Importer(815301076,1909f56bfc062723c751e8b465ee728b)
Start importing Assets/BIG_Environment_Pack_LP/Environment/Rocks&Vegetation/Trees_Bushes_Plants_Flowers/Prefabs/Wood_02_Dry.prefab using Guid(1d0cc8f1d825ad842b2bf0f312a72f82) Importer(815301076,1909f56bfc062723c751e8b465ee728b)  -> (artifact id: 'af65991325d10692fd2fce7c6b871a4f') in 0.147898 seconds 
========================================================================
Received Import Request.
  Time since last request: 0.000021 seconds.
  path: Assets/BIG_Environment_Pack_LP/Environment/Rocks&Vegetation/Trees_Bushes_Plants_Flowers/Prefabs/Bush01_07_LP.prefab
  artifactKey: Guid(aa071af0863925243a233ba76c4ad7bd) Importer(815301076,1909f56bfc062723c751e8b465ee728b)
Start importing Assets/BIG_Environment_Pack_LP/Environment/Rocks&Vegetation/Trees_Bushes_Plants_Flowers/Prefabs/Bush01_07_LP.prefab using Guid(aa071af0863925243a233ba76c4ad7bd) Importer(815301076,1909f56bfc062723c751e8b465ee728b)  -> (artifact id: 'bd041a03d3a99606b839e2c41171f250') in 0.017086 seconds 
========================================================================
Received Import Request.
  Time since last request: 0.000024 seconds.
  path: Assets/BIG_Environment_Pack_LP/Environment/Rocks&Vegetation/Trees_Bushes_Plants_Flowers/Prefabs/GWood_Sand_06.prefab
  artifactKey: Guid(4d19e050395d0924d82677e8dba2b514) Importer(815301076,1909f56bfc062723c751e8b465ee728b)
Start importing Assets/BIG_Environment_Pack_LP/Environment/Rocks&Vegetation/Trees_Bushes_Plants_Flowers/Prefabs/GWood_Sand_06.prefab using Guid(4d19e050395d0924d82677e8dba2b514) Importer(815301076,1909f56bfc062723c751e8b465ee728b)  -> (artifact id: 'db02ae7ba0d046bcac579e61a955aa90') in 0.011053 seconds 
========================================================================
Received Import Request.
  Time since last request: 0.000023 seconds.
  path: Assets/BIG_Environment_Pack_LP/Environment/Rocks&Vegetation/Trees_Bushes_Plants_Flowers/Prefabs/TreeStump_01_b.prefab
  artifactKey: Guid(88132e3783104684fab9de490d5e04b1) Importer(815301076,1909f56bfc062723c751e8b465ee728b)
Start importing Assets/BIG_Environment_Pack_LP/Environment/Rocks&Vegetation/Trees_Bushes_Plants_Flowers/Prefabs/TreeStump_01_b.prefab using Guid(88132e3783104684fab9de490d5e04b1) Importer(815301076,1909f56bfc062723c751e8b465ee728b)  -> (artifact id: '62a4544a482257b46dcf87daae17ac26') in 0.010105 seconds 
========================================================================
Received Import Request.
  Time since last request: 0.000014 seconds.
  path: Assets/BIG_Environment_Pack_LP/Environment/Rocks&Vegetation/Trees_Bushes_Plants_Flowers/Prefabs/Dead_Tree_05_LP.prefab
  artifactKey: Guid(f6ec48c6a844474418ff7b68257ea4f5) Importer(815301076,1909f56bfc062723c751e8b465ee728b)
Start importing Assets/BIG_Environment_Pack_LP/Environment/Rocks&Vegetation/Trees_Bushes_Plants_Flowers/Prefabs/Dead_Tree_05_LP.prefab using Guid(f6ec48c6a844474418ff7b68257ea4f5) Importer(815301076,1909f56bfc062723c751e8b465ee728b)  -> (artifact id: '50274b714b5ac0ff7f4cb59c50f45925') in 0.020767 seconds 
========================================================================
Received Import Request.
  Time since last request: 0.000017 seconds.
  path: Assets/BIG_Environment_Pack_LP/Environment/Rocks&Vegetation/Trees_Bushes_Plants_Flowers/Prefabs/Ivy_Tendril_01.prefab
  artifactKey: Guid(e3993b1f420eef74d9c083b8670846b8) Importer(815301076,1909f56bfc062723c751e8b465ee728b)
Start importing Assets/BIG_Environment_Pack_LP/Environment/Rocks&Vegetation/Trees_Bushes_Plants_Flowers/Prefabs/Ivy_Tendril_01.prefab using Guid(e3993b1f420eef74d9c083b8670846b8) Importer(815301076,1909f56bfc062723c751e8b465ee728b)  -> (artifact id: 'fbdaf3b20f99968a1e1af65be5871d80') in 0.010998 seconds 
========================================================================
Received Import Request.
  Time since last request: 0.000021 seconds.
  path: Assets/BIG_Environment_Pack_LP/Environment/Rocks&Vegetation/Trees_Bushes_Plants_Flowers/Prefabs/Ivy_Tendril_03.prefab
  artifactKey: Guid(eacf4b79e55418d4e85536b8eae5cd71) Importer(815301076,1909f56bfc062723c751e8b465ee728b)
Start importing Assets/BIG_Environment_Pack_LP/Environment/Rocks&Vegetation/Trees_Bushes_Plants_Flowers/Prefabs/Ivy_Tendril_03.prefab using Guid(eacf4b79e55418d4e85536b8eae5cd71) Importer(815301076,1909f56bfc062723c751e8b465ee728b)  -> (artifact id: 'a9f2eb7d855bd73a0d2c793f23e59a7f') in 0.010929 seconds 
========================================================================
Received Import Request.
  Time since last request: 0.000021 seconds.
  path: Assets/BIG_Environment_Pack_LP/Environment/Rocks&Vegetation/Trees_Bushes_Plants_Flowers/Prefabs/GWood_06.prefab
  artifactKey: Guid(147ea1224b300934fb6f84ba4619e3b5) Importer(815301076,1909f56bfc062723c751e8b465ee728b)
Start importing Assets/BIG_Environment_Pack_LP/Environment/Rocks&Vegetation/Trees_Bushes_Plants_Flowers/Prefabs/GWood_06.prefab using Guid(147ea1224b300934fb6f84ba4619e3b5) Importer(815301076,1909f56bfc062723c751e8b465ee728b)  -> (artifact id: 'be64416a68e69d1d5231e4efa7d2ee4a') in 0.009776 seconds 
========================================================================
Received Import Request.
  Time since last request: 0.000028 seconds.
  path: Assets/BIG_Environment_Pack_LP/Environment/Rocks&Vegetation/Trees_Bushes_Plants_Flowers/Prefabs/Beech_20_LP.prefab
  artifactKey: Guid(1ca52b466d67cb54aafbc88191f4fa11) Importer(815301076,1909f56bfc062723c751e8b465ee728b)
Start importing Assets/BIG_Environment_Pack_LP/Environment/Rocks&Vegetation/Trees_Bushes_Plants_Flowers/Prefabs/Beech_20_LP.prefab using Guid(1ca52b466d67cb54aafbc88191f4fa11) Importer(815301076,1909f56bfc062723c751e8b465ee728b)  -> (artifact id: '9f726e5aef39765b9c56dfefd352cd49') in 0.021943 seconds 
========================================================================
Received Import Request.
  Time since last request: 0.000023 seconds.
  path: Assets/BIG_Environment_Pack_LP/Environment/Rocks&Vegetation/Trees_Bushes_Plants_Flowers/Prefabs/Ivy_Tendril_Edge_01.prefab
  artifactKey: Guid(39b6467b5a8a53e488b3426a2211cb8e) Importer(815301076,1909f56bfc062723c751e8b465ee728b)
Start importing Assets/BIG_Environment_Pack_LP/Environment/Rocks&Vegetation/Trees_Bushes_Plants_Flowers/Prefabs/Ivy_Tendril_Edge_01.prefab using Guid(39b6467b5a8a53e488b3426a2211cb8e) Importer(815301076,1909f56bfc062723c751e8b465ee728b)  -> (artifact id: 'da1945e71bb4f0dafa5d12b587c5c308') in 0.010445 seconds 
========================================================================
Received Import Request.
  Time since last request: 0.000018 seconds.
  path: Assets/BIG_Environment_Pack_LP/Environment/Rocks&Vegetation/Trees_Bushes_Plants_Flowers/Prefabs/GWood_06_C.prefab
  artifactKey: Guid(1e91700f946337f4ba975bf44a95eaf5) Importer(815301076,1909f56bfc062723c751e8b465ee728b)
Start importing Assets/BIG_Environment_Pack_LP/Environment/Rocks&Vegetation/Trees_Bushes_Plants_Flowers/Prefabs/GWood_06_C.prefab using Guid(1e91700f946337f4ba975bf44a95eaf5) Importer(815301076,1909f56bfc062723c751e8b465ee728b)  -> (artifact id: '6d38aefe5270a241770e0b4bd07992fc') in 0.010006 seconds 
========================================================================
Received Import Request.
  Time since last request: 0.000016 seconds.
  path: Assets/BIG_Environment_Pack_LP/Environment/Rocks&Vegetation/Trees_Bushes_Plants_Flowers/Prefabs/Bush01_04_LP.prefab
  artifactKey: Guid(f47887b7490c14a469d5589b974f8ac2) Importer(815301076,1909f56bfc062723c751e8b465ee728b)
Start importing Assets/BIG_Environment_Pack_LP/Environment/Rocks&Vegetation/Trees_Bushes_Plants_Flowers/Prefabs/Bush01_04_LP.prefab using Guid(f47887b7490c14a469d5589b974f8ac2) Importer(815301076,1909f56bfc062723c751e8b465ee728b)  -> (artifact id: '535dfb636dca6536aabdd9bd9d8ed00a') in 0.019381 seconds 
========================================================================
Received Import Request.
  Time since last request: 0.000019 seconds.
  path: Assets/BIG_Environment_Pack_LP/Environment/Rocks&Vegetation/Trees_Bushes_Plants_Flowers/Prefabs/Bush01_02_LP.prefab
  artifactKey: Guid(9e67a32dc5631ea4595845a57f0c92c9) Importer(815301076,1909f56bfc062723c751e8b465ee728b)
Start importing Assets/BIG_Environment_Pack_LP/Environment/Rocks&Vegetation/Trees_Bushes_Plants_Flowers/Prefabs/Bush01_02_LP.prefab using Guid(9e67a32dc5631ea4595845a57f0c92c9) Importer(815301076,1909f56bfc062723c751e8b465ee728b)  -> (artifact id: '7b80ec438f4e07a41c2ea9f811d2fc0a') in 0.018106 seconds 
========================================================================
Received Import Request.
  Time since last request: 0.000022 seconds.
  path: Assets/BIG_Environment_Pack_LP/Environment/Rocks&Vegetation/Trees_Bushes_Plants_Flowers/Prefabs/Wood_01.prefab
  artifactKey: Guid(7feb6a7a7ad78e540a1067184d160306) Importer(815301076,1909f56bfc062723c751e8b465ee728b)
Start importing Assets/BIG_Environment_Pack_LP/Environment/Rocks&Vegetation/Trees_Bushes_Plants_Flowers/Prefabs/Wood_01.prefab using Guid(7feb6a7a7ad78e540a1067184d160306) Importer(815301076,1909f56bfc062723c751e8b465ee728b)  -> (artifact id: '6b833630d6b20a73675ad6e6eff040c3') in 0.009856 seconds 
========================================================================
Received Import Request.
  Time since last request: 0.000023 seconds.
  path: Assets/BIG_Environment_Pack_LP/Environment/Rocks&Vegetation/Trees_Bushes_Plants_Flowers/Prefabs/Oak_01_LP.prefab
  artifactKey: Guid(c901087ba90c53146913121b6aa84a5d) Importer(815301076,1909f56bfc062723c751e8b465ee728b)
Start importing Assets/BIG_Environment_Pack_LP/Environment/Rocks&Vegetation/Trees_Bushes_Plants_Flowers/Prefabs/Oak_01_LP.prefab using Guid(c901087ba90c53146913121b6aa84a5d) Importer(815301076,1909f56bfc062723c751e8b465ee728b)  -> (artifact id: '71303274ae45172cf47e2f5b47e2c811') in 0.018634 seconds 
========================================================================
Received Import Request.
  Time since last request: 0.000014 seconds.
  path: Assets/BIG_Environment_Pack_LP/Environment/Rocks&Vegetation/Trees_Bushes_Plants_Flowers/Prefabs/GWood_04.prefab
  artifactKey: Guid(507b375c7c505f84c828ea22ff4a0d6a) Importer(815301076,1909f56bfc062723c751e8b465ee728b)
Start importing Assets/BIG_Environment_Pack_LP/Environment/Rocks&Vegetation/Trees_Bushes_Plants_Flowers/Prefabs/GWood_04.prefab using Guid(507b375c7c505f84c828ea22ff4a0d6a) Importer(815301076,1909f56bfc062723c751e8b465ee728b)  -> (artifact id: '5d2e8a704257c34e2c9f5723b4ad2781') in 0.010096 seconds 
========================================================================
Received Import Request.
  Time since last request: 0.000017 seconds.
  path: Assets/BIG_Environment_Pack_LP/Environment/Rocks&Vegetation/Trees_Bushes_Plants_Flowers/Prefabs/Bush_02_05_LP.prefab
  artifactKey: Guid(7841c1513dded5646b91eadcd2911841) Importer(815301076,1909f56bfc062723c751e8b465ee728b)
Start importing Assets/BIG_Environment_Pack_LP/Environment/Rocks&Vegetation/Trees_Bushes_Plants_Flowers/Prefabs/Bush_02_05_LP.prefab using Guid(7841c1513dded5646b91eadcd2911841) Importer(815301076,1909f56bfc062723c751e8b465ee728b)  -> (artifact id: '092f6fd5afe614f6331088fcdbbdc6fc') in 0.019384 seconds 
========================================================================
Received Import Request.
  Time since last request: 0.000018 seconds.
  path: Assets/BIG_Environment_Pack_LP/Environment/Rocks&Vegetation/Trees_Bushes_Plants_Flowers/Prefabs/Bush06_03_LP.prefab
  artifactKey: Guid(2a0534144d378ba4d94978a4a3d36248) Importer(815301076,1909f56bfc062723c751e8b465ee728b)
Start importing Assets/BIG_Environment_Pack_LP/Environment/Rocks&Vegetation/Trees_Bushes_Plants_Flowers/Prefabs/Bush06_03_LP.prefab using Guid(2a0534144d378ba4d94978a4a3d36248) Importer(815301076,1909f56bfc062723c751e8b465ee728b)  -> (artifact id: '84667f5f9c182d592bb1208336610e3e') in 0.019901 seconds 
========================================================================
Received Import Request.
  Time since last request: 0.000017 seconds.
  path: Assets/BIG_Environment_Pack_LP/Environment/Rocks&Vegetation/Trees_Bushes_Plants_Flowers/Prefabs/Bush03_01_LP.prefab
  artifactKey: Guid(8b064138d9638ed459cf7cc47ec5c7c9) Importer(815301076,1909f56bfc062723c751e8b465ee728b)
Start importing Assets/BIG_Environment_Pack_LP/Environment/Rocks&Vegetation/Trees_Bushes_Plants_Flowers/Prefabs/Bush03_01_LP.prefab using Guid(8b064138d9638ed459cf7cc47ec5c7c9) Importer(815301076,1909f56bfc062723c751e8b465ee728b)  -> (artifact id: '643ec2c6b717f3f1f7a6c895390f05d6') in 0.017479 seconds 
========================================================================
Received Import Request.
  Time since last request: 0.000016 seconds.
  path: Assets/BIG_Environment_Pack_LP/Environment/Rocks&Vegetation/Trees_Bushes_Plants_Flowers/Prefabs/GWood_05.prefab
  artifactKey: Guid(ac13898e7ff0c554a9a04ed642335aed) Importer(815301076,1909f56bfc062723c751e8b465ee728b)
Start importing Assets/BIG_Environment_Pack_LP/Environment/Rocks&Vegetation/Trees_Bushes_Plants_Flowers/Prefabs/GWood_05.prefab using Guid(ac13898e7ff0c554a9a04ed642335aed) Importer(815301076,1909f56bfc062723c751e8b465ee728b)  -> (artifact id: 'dfa24e5eca4efaaa4be095b916f8b0e9') in 0.009929 seconds 
========================================================================
Received Import Request.
  Time since last request: 0.000017 seconds.
  path: Assets/BIG_Environment_Pack_LP/Environment/Rocks&Vegetation/Trees_Bushes_Plants_Flowers/Prefabs/Dead_Tree_02_LP.prefab
  artifactKey: Guid(d22796b00e08b8c48ac65768ebf9aaae) Importer(815301076,1909f56bfc062723c751e8b465ee728b)
Start importing Assets/BIG_Environment_Pack_LP/Environment/Rocks&Vegetation/Trees_Bushes_Plants_Flowers/Prefabs/Dead_Tree_02_LP.prefab using Guid(d22796b00e08b8c48ac65768ebf9aaae) Importer(815301076,1909f56bfc062723c751e8b465ee728b)  -> (artifact id: 'daadcf6df4a031171ac5824fbf442040') in 0.017884 seconds 
========================================================================
Received Import Request.
  Time since last request: 0.000024 seconds.
  path: Assets/BIG_Environment_Pack_LP/Environment/Rocks&Vegetation/Trees_Bushes_Plants_Flowers/Prefabs/Bush01_03_LP.prefab
  artifactKey: Guid(55a1b97700d96de4f8fe7da8f9ae9387) Importer(815301076,1909f56bfc062723c751e8b465ee728b)
Start importing Assets/BIG_Environment_Pack_LP/Environment/Rocks&Vegetation/Trees_Bushes_Plants_Flowers/Prefabs/Bush01_03_LP.prefab using Guid(55a1b97700d96de4f8fe7da8f9ae9387) Importer(815301076,1909f56bfc062723c751e8b465ee728b)  -> (artifact id: '87dd09c4a1a68aabdb1c7cfd69a0c0d1') in 0.017890 seconds 
========================================================================
Received Import Request.
  Time since last request: 0.000017 seconds.
  path: Assets/BIG_Environment_Pack_LP/Environment/Rocks&Vegetation/Trees_Bushes_Plants_Flowers/Prefabs/GWood_01.prefab
  artifactKey: Guid(3545a5e3f5dd55a4ebd7e1ba18852e39) Importer(815301076,1909f56bfc062723c751e8b465ee728b)
Start importing Assets/BIG_Environment_Pack_LP/Environment/Rocks&Vegetation/Trees_Bushes_Plants_Flowers/Prefabs/GWood_01.prefab using Guid(3545a5e3f5dd55a4ebd7e1ba18852e39) Importer(815301076,1909f56bfc062723c751e8b465ee728b)  -> (artifact id: 'd8e04e184cafabdd11315f6f9312d3bc') in 0.010755 seconds 
========================================================================
Received Import Request.
  Time since last request: 0.000015 seconds.
  path: Assets/BIG_Environment_Pack_LP/Environment/Rocks&Vegetation/Trees_Bushes_Plants_Flowers/Prefabs/Bush01_01_LP.prefab
  artifactKey: Guid(0c21d56214214b34789f92c24ffbd0d5) Importer(815301076,1909f56bfc062723c751e8b465ee728b)
Start importing Assets/BIG_Environment_Pack_LP/Environment/Rocks&Vegetation/Trees_Bushes_Plants_Flowers/Prefabs/Bush01_01_LP.prefab using Guid(0c21d56214214b34789f92c24ffbd0d5) Importer(815301076,1909f56bfc062723c751e8b465ee728b)  -> (artifact id: '210bfe893fde5a1761ed79090715f792') in 0.021434 seconds 
========================================================================
Received Import Request.
  Time since last request: 0.000019 seconds.
  path: Assets/BIG_Environment_Pack_LP/Environment/Rocks&Vegetation/Trees_Bushes_Plants_Flowers/Prefabs/Wood_02_A.prefab
  artifactKey: Guid(20f32e90916e2db488649950da8b2715) Importer(815301076,1909f56bfc062723c751e8b465ee728b)
Start importing Assets/BIG_Environment_Pack_LP/Environment/Rocks&Vegetation/Trees_Bushes_Plants_Flowers/Prefabs/Wood_02_A.prefab using Guid(20f32e90916e2db488649950da8b2715) Importer(815301076,1909f56bfc062723c751e8b465ee728b)  -> (artifact id: 'caa818c9a53fc3219201b2ddde81a220') in 0.010623 seconds 
========================================================================
Received Import Request.
  Time since last request: 0.000027 seconds.
  path: Assets/BIG_Environment_Pack_LP/Environment/Rocks&Vegetation/Trees_Bushes_Plants_Flowers/Prefabs/GWood_Sand_02.prefab
  artifactKey: Guid(ea7df8e6e465637409fcb13539bd01c5) Importer(815301076,1909f56bfc062723c751e8b465ee728b)
Start importing Assets/BIG_Environment_Pack_LP/Environment/Rocks&Vegetation/Trees_Bushes_Plants_Flowers/Prefabs/GWood_Sand_02.prefab using Guid(ea7df8e6e465637409fcb13539bd01c5) Importer(815301076,1909f56bfc062723c751e8b465ee728b)  -> (artifact id: 'fcdada5fe87f3681b25c90f9e1b29b1d') in 0.013372 seconds 
========================================================================
Received Import Request.
  Time since last request: 0.000021 seconds.
  path: Assets/BIG_Environment_Pack_LP/Environment/Rocks&Vegetation/Trees_Bushes_Plants_Flowers/Prefabs/Ivy_tendril_hang_01.prefab
  artifactKey: Guid(4d88a3c5b2794b54fbe5d14f589866a5) Importer(815301076,1909f56bfc062723c751e8b465ee728b)
Start importing Assets/BIG_Environment_Pack_LP/Environment/Rocks&Vegetation/Trees_Bushes_Plants_Flowers/Prefabs/Ivy_tendril_hang_01.prefab using Guid(4d88a3c5b2794b54fbe5d14f589866a5) Importer(815301076,1909f56bfc062723c751e8b465ee728b)  -> (artifact id: 'd1960d5f78fede1fec0e13b29b534489') in 0.011929 seconds 
========================================================================
Received Import Request.
  Time since last request: 0.000023 seconds.
  path: Assets/BIG_Environment_Pack_LP/Environment/Rocks&Vegetation/Trees_Bushes_Plants_Flowers/Prefabs/GWood_Moss_01.prefab
  artifactKey: Guid(81ba1a34ca8486e41b1d4a311e5098e3) Importer(815301076,1909f56bfc062723c751e8b465ee728b)
Start importing Assets/BIG_Environment_Pack_LP/Environment/Rocks&Vegetation/Trees_Bushes_Plants_Flowers/Prefabs/GWood_Moss_01.prefab using Guid(81ba1a34ca8486e41b1d4a311e5098e3) Importer(815301076,1909f56bfc062723c751e8b465ee728b)  -> (artifact id: '813f4f2acea85203b06ad2d8ebf8fbc7') in 0.010932 seconds 
========================================================================
Received Import Request.
  Time since last request: 0.000019 seconds.
  path: Assets/BIG_Environment_Pack_LP/Environment/Rocks&Vegetation/Trees_Bushes_Plants_Flowers/Prefabs/GWood_Root_C.prefab
  artifactKey: Guid(5c66e9b435a1d704795df95862bdc467) Importer(815301076,1909f56bfc062723c751e8b465ee728b)
Start importing Assets/BIG_Environment_Pack_LP/Environment/Rocks&Vegetation/Trees_Bushes_Plants_Flowers/Prefabs/GWood_Root_C.prefab using Guid(5c66e9b435a1d704795df95862bdc467) Importer(815301076,1909f56bfc062723c751e8b465ee728b)  -> (artifact id: '155c092806babd81b4d439d8f7fa1950') in 0.012670 seconds 
========================================================================
Received Import Request.
  Time since last request: 0.000025 seconds.
  path: Assets/BIG_Environment_Pack_LP/Environment/Rocks&Vegetation/Trees_Bushes_Plants_Flowers/Prefabs/Twiner_05.prefab
  artifactKey: Guid(86f3372b196cfa44dbfc103060b28d76) Importer(815301076,1909f56bfc062723c751e8b465ee728b)
Start importing Assets/BIG_Environment_Pack_LP/Environment/Rocks&Vegetation/Trees_Bushes_Plants_Flowers/Prefabs/Twiner_05.prefab using Guid(86f3372b196cfa44dbfc103060b28d76) Importer(815301076,1909f56bfc062723c751e8b465ee728b)  -> (artifact id: 'd4fd7e60cb27d43a2f28b08a34f9f1db') in 0.012148 seconds 
========================================================================
Received Import Request.
  Time since last request: 0.000021 seconds.
  path: Assets/BIG_Environment_Pack_LP/Environment/Rocks&Vegetation/Trees_Bushes_Plants_Flowers/Prefabs/GWood_Moss_07.prefab
  artifactKey: Guid(b13b2ae920415e043b0e6e9cb408e7cc) Importer(815301076,1909f56bfc062723c751e8b465ee728b)
Start importing Assets/BIG_Environment_Pack_LP/Environment/Rocks&Vegetation/Trees_Bushes_Plants_Flowers/Prefabs/GWood_Moss_07.prefab using Guid(b13b2ae920415e043b0e6e9cb408e7cc) Importer(815301076,1909f56bfc062723c751e8b465ee728b)  -> (artifact id: '2a9f756479c3299a9f6a1b204266226d') in 0.011979 seconds 
========================================================================
Received Import Request.
  Time since last request: 0.000031 seconds.
  path: Assets/BIG_Environment_Pack_LP/Environment/Rocks&Vegetation/Trees_Bushes_Plants_Flowers/Prefabs/Flowers_03_LP.prefab
  artifactKey: Guid(6a0db29e7a1f9f146b371f7da31ef45b) Importer(815301076,1909f56bfc062723c751e8b465ee728b)
Start importing Assets/BIG_Environment_Pack_LP/Environment/Rocks&Vegetation/Trees_Bushes_Plants_Flowers/Prefabs/Flowers_03_LP.prefab using Guid(6a0db29e7a1f9f146b371f7da31ef45b) Importer(815301076,1909f56bfc062723c751e8b465ee728b)  -> (artifact id: '486ff77c0dfc5d299eb876883c98a698') in 0.019030 seconds 
========================================================================
Received Import Request.
  Time since last request: 0.000015 seconds.
  path: Assets/BIG_Environment_Pack_LP/Environment/Rocks&Vegetation/Trees_Bushes_Plants_Flowers/Prefabs/Bush06_01_LP.prefab
  artifactKey: Guid(6c605642f7bea9441b0dced460ab31dd) Importer(815301076,1909f56bfc062723c751e8b465ee728b)
Start importing Assets/BIG_Environment_Pack_LP/Environment/Rocks&Vegetation/Trees_Bushes_Plants_Flowers/Prefabs/Bush06_01_LP.prefab using Guid(6c605642f7bea9441b0dced460ab31dd) Importer(815301076,1909f56bfc062723c751e8b465ee728b)  -> (artifact id: '1360a5932c9e2102721271b9de531340') in 0.017909 seconds 
========================================================================
Received Import Request.
  Time since last request: 0.000020 seconds.
  path: Assets/BIG_Environment_Pack_LP/Environment/Rocks&Vegetation/Trees_Bushes_Plants_Flowers/Prefabs/Oak_03_LP.prefab
  artifactKey: Guid(a20a61be3c3ba474fb8739512d16f599) Importer(815301076,1909f56bfc062723c751e8b465ee728b)
Start importing Assets/BIG_Environment_Pack_LP/Environment/Rocks&Vegetation/Trees_Bushes_Plants_Flowers/Prefabs/Oak_03_LP.prefab using Guid(a20a61be3c3ba474fb8739512d16f599) Importer(815301076,1909f56bfc062723c751e8b465ee728b)  -> (artifact id: '1277a9c03d697869ce716fe4fe5071e0') in 0.018052 seconds 
========================================================================
Received Import Request.
  Time since last request: 0.000021 seconds.
  path: Assets/BIG_Environment_Pack_LP/Environment/Rocks&Vegetation/Trees_Bushes_Plants_Flowers/Prefabs/Twiner_04.prefab
  artifactKey: Guid(ef66a47bc680d5244a3397e9833e6bc1) Importer(815301076,1909f56bfc062723c751e8b465ee728b)
Start importing Assets/BIG_Environment_Pack_LP/Environment/Rocks&Vegetation/Trees_Bushes_Plants_Flowers/Prefabs/Twiner_04.prefab using Guid(ef66a47bc680d5244a3397e9833e6bc1) Importer(815301076,1909f56bfc062723c751e8b465ee728b)  -> (artifact id: '48c3ef721c5650bb3b436666e191229b') in 0.009879 seconds 
========================================================================
Received Import Request.
  Time since last request: 0.000021 seconds.
  path: Assets/BIG_Environment_Pack_LP/Environment/Rocks&Vegetation/Trees_Bushes_Plants_Flowers/Prefabs/Mushrooms_01_LP.prefab
  artifactKey: Guid(6cbd0dc6079d2cb4baa140b08bccd795) Importer(815301076,1909f56bfc062723c751e8b465ee728b)
Start importing Assets/BIG_Environment_Pack_LP/Environment/Rocks&Vegetation/Trees_Bushes_Plants_Flowers/Prefabs/Mushrooms_01_LP.prefab using Guid(6cbd0dc6079d2cb4baa140b08bccd795) Importer(815301076,1909f56bfc062723c751e8b465ee728b)  -> (artifact id: 'ae382b34ee079068b46cce10df854cfc') in 0.017333 seconds 
========================================================================
Received Import Request.
  Time since last request: 0.000023 seconds.
  path: Assets/BIG_Environment_Pack_LP/Environment/Rocks&Vegetation/Trees_Bushes_Plants_Flowers/Prefabs/Wood_03_a.prefab
  artifactKey: Guid(7fd25770c5e820f42bf39201eeefa4c8) Importer(815301076,1909f56bfc062723c751e8b465ee728b)
Start importing Assets/BIG_Environment_Pack_LP/Environment/Rocks&Vegetation/Trees_Bushes_Plants_Flowers/Prefabs/Wood_03_a.prefab using Guid(7fd25770c5e820f42bf39201eeefa4c8) Importer(815301076,1909f56bfc062723c751e8b465ee728b)  -> (artifact id: 'f41b7383dad893c9a10d6eac399663c3') in 0.012175 seconds 
