Using pre-set license
Built from '2021.3/staging' branch; Version is '2021.3.6f1 (7da38d85baf6) revision 8233869'; Using compiler version '192829333'; Build Type 'Release'
OS: 'Windows 10  (10.0.19045) 64bit Core' Language: 'ko' Physical Memory: 32672 MB
BatchMode: 1, IsHumanControllingUs: 0, StartBugReporterOnCrash: 0, Is64bit: 1, IsPro: 1

COMMAND LINE ARGUMENTS:
C:\Program Files\Unity\Hub\Editor\2021.3.6f1\Editor\Unity.exe
-adb2
-batchMode
-noUpm
-name
AssetImportWorker4
-projectPath
D:/unity/Project Red Balloon
-logFile
Logs/AssetImportWorker4.log
-srvPort
60664
Successfully changed project path to: D:/unity/Project Red Balloon
D:/unity/Project Red Balloon
[UnityMemory] Configuration Parameters - Can be set up in boot.config
    "memorysetup-bucket-allocator-granularity=16"
    "memorysetup-bucket-allocator-bucket-count=8"
    "memorysetup-bucket-allocator-block-size=33554432"
    "memorysetup-bucket-allocator-block-count=8"
    "memorysetup-main-allocator-block-size=16777216"
    "memorysetup-thread-allocator-block-size=16777216"
    "memorysetup-gfx-main-allocator-block-size=16777216"
    "memorysetup-gfx-thread-allocator-block-size=16777216"
    "memorysetup-cache-allocator-block-size=4194304"
    "memorysetup-typetree-allocator-block-size=2097152"
    "memorysetup-profiler-bucket-allocator-granularity=16"
    "memorysetup-profiler-bucket-allocator-bucket-count=8"
    "memorysetup-profiler-bucket-allocator-block-size=33554432"
    "memorysetup-profiler-bucket-allocator-block-count=8"
    "memorysetup-profiler-allocator-block-size=16777216"
    "memorysetup-profiler-editor-allocator-block-size=1048576"
    "memorysetup-temp-allocator-size-main=16777216"
    "memorysetup-job-temp-allocator-block-size=2097152"
    "memorysetup-job-temp-allocator-block-size-background=1048576"
    "memorysetup-job-temp-allocator-reduction-small-platforms=262144"
    "memorysetup-temp-allocator-size-background-worker=32768"
    "memorysetup-temp-allocator-size-job-worker=262144"
    "memorysetup-temp-allocator-size-preload-manager=33554432"
    "memorysetup-temp-allocator-size-nav-mesh-worker=65536"
    "memorysetup-temp-allocator-size-audio-worker=65536"
    "memorysetup-temp-allocator-size-cloud-worker=32768"
    "memorysetup-temp-allocator-size-gi-baking-worker=262144"
    "memorysetup-temp-allocator-size-gfx=262144"
Refreshing native plugins compatible for Editor in 120.35 ms, found 5 plugins.
Preloading 0 native plugins for Editor in 0.00 ms.
Initialize engine version: 2021.3.6f1 (7da38d85baf6)
[Subsystems] Discovering subsystems at path C:/Program Files/Unity/Hub/Editor/2021.3.6f1/Editor/Data/Resources/UnitySubsystems
[Subsystems] Discovering subsystems at path D:/unity/Project Red Balloon/Assets
GfxDevice: creating device client; threaded=0; jobified=0
Direct3D:
    Version:  Direct3D 11.0 [level 11.1]
    Renderer: NVIDIA GeForce RTX 3080 (ID=0x2216)
    Vendor:   NVIDIA
    VRAM:     10067 MB
    Driver:   31.0.15.3742
Shader 'TextMeshPro/Distance Field SSD': fallback shader 'TextMeshPro/Mobile/Distance Field' not found
Shader 'TextMeshPro/Distance Field': fallback shader 'TextMeshPro/Mobile/Distance Field' not found
Shader 'TextMeshPro/Distance Field Overlay': fallback shader 'TextMeshPro/Mobile/Distance Field' not found
Initialize mono
Mono path[0] = 'C:/Program Files/Unity/Hub/Editor/2021.3.6f1/Editor/Data/Managed'
Mono path[1] = 'C:/Program Files/Unity/Hub/Editor/2021.3.6f1/Editor/Data/MonoBleedingEdge/lib/mono/unityjit-win32'
Mono config path = 'C:/Program Files/Unity/Hub/Editor/2021.3.6f1/Editor/Data/MonoBleedingEdge/etc'
Using monoOptions --debugger-agent=transport=dt_socket,embedding=1,server=y,suspend=n,address=127.0.0.1:56008
Begin MonoManager ReloadAssembly
Registering precompiled unity dll's ...
Register platform support module: C:/Program Files/Unity/Hub/Editor/2021.3.6f1/Editor/Data/PlaybackEngines/WindowsStandaloneSupport/UnityEditor.WindowsStandalone.Extensions.dll
Registered in 0.007903 seconds.
Native extension for WindowsStandalone target not found
Refreshing native plugins compatible for Editor in 98.92 ms, found 5 plugins.
Preloading 0 native plugins for Editor in 0.00 ms.
Mono: successfully reloaded assembly
- Completed reload, in  0.552 seconds
Domain Reload Profiling:
	ReloadAssembly (552ms)
		BeginReloadAssembly (68ms)
			ExecutionOrderSort (0ms)
			DisableScriptedObjects (0ms)
			BackupInstance (0ms)
			ReleaseScriptingObjects (0ms)
			CreateAndSetChildDomain (1ms)
		EndReloadAssembly (384ms)
			LoadAssemblies (65ms)
			RebuildTransferFunctionScriptingTraits (0ms)
			SetupTypeCache (74ms)
			ReleaseScriptCaches (0ms)
			RebuildScriptCaches (20ms)
			SetupLoadedEditorAssemblies (246ms)
				LogAssemblyErrors (0ms)
				InitializePlatformSupportModulesInManaged (8ms)
				SetLoadedEditorAssemblies (0ms)
				RefreshPlugins (99ms)
				BeforeProcessingInitializeOnLoad (1ms)
				ProcessInitializeOnLoadAttributes (101ms)
				ProcessInitializeOnLoadMethodAttributes (36ms)
				AfterProcessingInitializeOnLoad (0ms)
				EditorAssembliesLoaded (0ms)
			ExecutionOrderSort2 (0ms)
			AwakeInstancesAfterBackupRestoration (0ms)
Platform modules already initialized, skipping
Registering precompiled user dll's ...
Registered in 0.006621 seconds.
Begin MonoManager ReloadAssembly
Symbol file LoadedFromMemory doesn't match image D:\unity\Project Red Balloon\Library\PackageCache\com.unity.visualscripting@1.7.8\Editor\VisualScripting.Core\Dependencies\YamlDotNet\Unity.VisualScripting.YamlDotNet.dll
Symbol file LoadedFromMemory doesn't match image D:\unity\Project Red Balloon\Library\PackageCache\com.unity.visualscripting@1.7.8\Editor\VisualScripting.Core\Dependencies\DotNetZip\Unity.VisualScripting.IonicZip.dll
Native extension for WindowsStandalone target not found
Refreshing native plugins compatible for Editor in 101.79 ms, found 5 plugins.
Preloading 0 native plugins for Editor in 0.00 ms.
System.Exception: Error! Visual Scripting: couldn't find visual scripting package
  at Unity.VisualScripting.PackageVersionUtility.get_version () [0x00043] in D:\unity\Project Red Balloon\Library\PackageCache\com.unity.visualscripting@1.7.8\Editor\VisualScripting.Core\Utilities\PackageVersionUtility.cs:31 
  at Unity.VisualScripting.BoltCoreManifest.get_version () [0x00000] in D:\unity\Project Red Balloon\Library\PackageCache\com.unity.visualscripting@1.7.8\Editor\VisualScripting.Core\Plugin\BoltCoreManifest.cs:11 
  at Unity.VisualScripting.PluginManifest.get_currentVersion () [0x00000] in D:\unity\Project Red Balloon\Library\PackageCache\com.unity.visualscripting@1.7.8\Editor\VisualScripting.Core\Plugins\PluginManifest.cs:33 
  at Unity.VisualScripting.PluginManifest.get_versionMismatch () [0x00000] in D:\unity\Project Red Balloon\Library\PackageCache\com.unity.visualscripting@1.7.8\Editor\VisualScripting.Core\Plugins\PluginManifest.cs:48 
  at Unity.VisualScripting.PluginContainer.Initialize () [0x00525] in D:\unity\Project Red Balloon\Library\PackageCache\com.unity.visualscripting@1.7.8\Editor\VisualScripting.Core\Plugins\PluginContainer.cs:208 
  at Unity.VisualScripting.PluginContainer.InitializeOnLoad () [0x00009] in D:\unity\Project Red Balloon\Library\PackageCache\com.unity.visualscripting@1.7.8\Editor\VisualScripting.Core\Plugins\PluginContainer.cs:32 
  at Unity.VisualScripting.VSUsageUtility.DoInitializeOnLoadCalls () [0x00034] in D:\unity\Project Red Balloon\Library\PackageCache\com.unity.visualscripting@1.7.8\Editor\VisualScripting.Core\Utilities\VSUsageUtility.cs:76 
  at Unity.VisualScripting.VSUsageUtility.set_isVisualScriptingUsed (System.Boolean value) [0x0002c] in D:\unity\Project Red Balloon\Library\PackageCache\com.unity.visualscripting@1.7.8\Editor\VisualScripting.Core\Utilities\VSUsageUtility.cs:114 
  at Unity.VisualScripting.VSUsageUtility.CheckAndSetIsVisualScriptingUsed () [0x00032] in D:\unity\Project Red Balloon\Library\PackageCache\com.unity.visualscripting@1.7.8\Editor\VisualScripting.Core\Utilities\VSUsageUtility.cs:48 
  at Unity.VisualScripting.VSUsageUtility..cctor () [0x00000] in D:\unity\Project Red Balloon\Library\PackageCache\com.unity.visualscripting@1.7.8\Editor\VisualScripting.Core\Utilities\VSUsageUtility.cs:22 
UnityEngine.StackTraceUtility:ExtractStackTrace ()
UnityEngine.DebugLogHandler:LogFormat (UnityEngine.LogType,UnityEngine.Object,string,object[])
UnityEngine.Logger:Log (UnityEngine.LogType,object)
UnityEngine.Debug:LogError (object)
UnityEditor.EditorAssemblies:ProcessInitializeOnLoadAttributes (System.Type[])

Mono: successfully reloaded assembly
- Completed reload, in  1.421 seconds
Domain Reload Profiling:
	ReloadAssembly (1422ms)
		BeginReloadAssembly (99ms)
			ExecutionOrderSort (0ms)
			DisableScriptedObjects (5ms)
			BackupInstance (0ms)
			ReleaseScriptingObjects (0ms)
			CreateAndSetChildDomain (17ms)
		EndReloadAssembly (1225ms)
			LoadAssemblies (78ms)
			RebuildTransferFunctionScriptingTraits (0ms)
			SetupTypeCache (238ms)
			ReleaseScriptCaches (1ms)
			RebuildScriptCaches (48ms)
			SetupLoadedEditorAssemblies (831ms)
				LogAssemblyErrors (0ms)
				InitializePlatformSupportModulesInManaged (4ms)
				SetLoadedEditorAssemblies (0ms)
				RefreshPlugins (102ms)
				BeforeProcessingInitializeOnLoad (101ms)
				ProcessInitializeOnLoadAttributes (554ms)
				ProcessInitializeOnLoadMethodAttributes (60ms)
				AfterProcessingInitializeOnLoad (10ms)
				EditorAssembliesLoaded (0ms)
			ExecutionOrderSort2 (0ms)
			AwakeInstancesAfterBackupRestoration (5ms)
Platform modules already initialized, skipping
========================================================================
Worker process is ready to serve import requests
Shader 'TextMeshPro/Distance Field': fallback shader 'TextMeshPro/Mobile/Distance Field' not found
Shader 'TextMeshPro/Distance Field Overlay': fallback shader 'TextMeshPro/Mobile/Distance Field' not found
Shader 'TextMeshPro/Distance Field SSD': fallback shader 'TextMeshPro/Mobile/Distance Field' not found
Launched and connected shader compiler UnityShaderCompiler.exe after 0.06 seconds
Refreshing native plugins compatible for Editor in 1.88 ms, found 5 plugins.
Preloading 0 native plugins for Editor in 0.00 ms.
Unloading 5507 Unused Serialized files (Serialized files now loaded: 0)
Unloading 47 unused Assets / (1.6 MB). Loaded Objects now: 5991.
Memory consumption went from 255.0 MB to 253.5 MB.
Total: 20.103700 ms (FindLiveObjects: 0.761500 ms CreateObjectMapping: 0.417500 ms MarkObjects: 18.445500 ms  DeleteObjects: 0.477800 ms)

AssetImportParameters requested are different than current active one (requested -> active):
  custom:video-decoder-ogg-theora: a1e56fd34408186e4bbccfd4996cb3dc -> 
  custom:container-muxer-webm: aa71ff27fc2769a1b78a27578f13a17b -> 
  custom:container-demuxer-webm: 4f35f7cbe854078d1ac9338744f61a02 -> 
  custom:video-encoder-webm-vp8: eb34c28f22e8b96e1ab97ce403110664 -> 
  custom:video-codec-MediaFoundation-h265: 746d11721c4dcdbdad8f713fa42b33f4 -> 
  custom:audio-encoder-webm-vorbis: bf7c407c2cedff20999df2af8eb42d56 -> 
  custom:framework-win-MediaFoundation: 216162199b28c13a410421893ffa2e32 -> 
  custom:container-demuxer-ogg: 62fdf1f143b41e24485cea50d1cbac27 -> 
  custom:video-decoder-webm-vp8: 9c59270c3fd7afecdb556c50c9e8de78 -> 
  custom:audio-decoder-ogg-vorbis: bf7c407c2cedff20999df2af8eb42d56 -> 
========================================================================
Received Import Request.
  Time since last request: 19479.527395 seconds.
  path: Assets/Art/Meshes/Vegetation/Beech_03_LP.fbx
  artifactKey: Guid(9d129e4d0e516bd43a4d641d32c3cc2e) Importer(815301076,1909f56bfc062723c751e8b465ee728b)
Start importing Assets/Art/Meshes/Vegetation/Beech_03_LP.fbx using Guid(9d129e4d0e516bd43a4d641d32c3cc2e) Importer(815301076,1909f56bfc062723c751e8b465ee728b)  -> (artifact id: '0ec192f5d09fcefcf7b284f627cccb40') in 0.428208 seconds 
========================================================================
Received Import Request.
  Time since last request: 0.000036 seconds.
  path: Assets/Art/Meshes/Vegetation/Bush01_02_LP.fbx
  artifactKey: Guid(379d1191807923b40870f291810335ee) Importer(815301076,1909f56bfc062723c751e8b465ee728b)
Start importing Assets/Art/Meshes/Vegetation/Bush01_02_LP.fbx using Guid(379d1191807923b40870f291810335ee) Importer(815301076,1909f56bfc062723c751e8b465ee728b)  -> (artifact id: '46e29d8c37cd6539827bdd952f43b583') in 0.050080 seconds 
========================================================================
Received Import Request.
  Time since last request: 0.000039 seconds.
  path: Assets/Art/Meshes/Vegetation/Ivy_tendril_big_01_Hang.fbx
  artifactKey: Guid(3e0d55f8397861b46922d075313d89cf) Importer(815301076,1909f56bfc062723c751e8b465ee728b)
Start importing Assets/Art/Meshes/Vegetation/Ivy_tendril_big_01_Hang.fbx using Guid(3e0d55f8397861b46922d075313d89cf) Importer(815301076,1909f56bfc062723c751e8b465ee728b)  -> (artifact id: 'ed673656b78934d2cf6e6b54e5bc9500') in 0.096941 seconds 
========================================================================
Received Import Request.
  Time since last request: 0.000023 seconds.
  path: Assets/Art/Meshes/Vegetation/Bush_02_03_LP.fbx
  artifactKey: Guid(0f06b39ce22eff94193944fee0047b05) Importer(815301076,1909f56bfc062723c751e8b465ee728b)
Start importing Assets/Art/Meshes/Vegetation/Bush_02_03_LP.fbx using Guid(0f06b39ce22eff94193944fee0047b05) Importer(815301076,1909f56bfc062723c751e8b465ee728b)  -> (artifact id: 'c8b65531a3af820535dc69ca2cb3c742') in 0.047019 seconds 
========================================================================
Received Import Request.
  Time since last request: 0.000068 seconds.
  path: Assets/Art/Meshes/Vegetation/Conifer_04_a_LP.fbx
  artifactKey: Guid(ced5cc747e781184ca23e5fc41bdbdf6) Importer(815301076,1909f56bfc062723c751e8b465ee728b)
Start importing Assets/Art/Meshes/Vegetation/Conifer_04_a_LP.fbx using Guid(ced5cc747e781184ca23e5fc41bdbdf6) Importer(815301076,1909f56bfc062723c751e8b465ee728b)  -> (artifact id: '6c1a6ded44bed941b22b4ee6002a7ec5') in 0.066327 seconds 
========================================================================
Received Import Request.
  Time since last request: 0.000032 seconds.
  path: Assets/Art/Meshes/Vegetation/GWood_06_Moss_Detail.fbx
  artifactKey: Guid(f9db74c1bb5cee04f809fffe6f837629) Importer(815301076,1909f56bfc062723c751e8b465ee728b)
Start importing Assets/Art/Meshes/Vegetation/GWood_06_Moss_Detail.fbx using Guid(f9db74c1bb5cee04f809fffe6f837629) Importer(815301076,1909f56bfc062723c751e8b465ee728b)  -> (artifact id: '568c855653be36d5591e296a41505419') in 0.020472 seconds 
========================================================================
Received Import Request.
  Time since last request: 0.000040 seconds.
  path: Assets/Art/Meshes/Vegetation/Ivy_tendril_big_02_Hang.fbx
  artifactKey: Guid(10bea8bdf35913f4c9ef824e2a89b90e) Importer(815301076,1909f56bfc062723c751e8b465ee728b)
Start importing Assets/Art/Meshes/Vegetation/Ivy_tendril_big_02_Hang.fbx using Guid(10bea8bdf35913f4c9ef824e2a89b90e) Importer(815301076,1909f56bfc062723c751e8b465ee728b)  -> (artifact id: '049ba3bd696a2e38ba13a2dc7fd81680') in 0.058110 seconds 
========================================================================
Received Import Request.
  Time since last request: 0.000027 seconds.
  path: Assets/Art/Meshes/Vegetation/Wood_03_a_b.fbx
  artifactKey: Guid(d7ba178935626d547933279bcb227dd6) Importer(815301076,1909f56bfc062723c751e8b465ee728b)
Start importing Assets/Art/Meshes/Vegetation/Wood_03_a_b.fbx using Guid(d7ba178935626d547933279bcb227dd6) Importer(815301076,1909f56bfc062723c751e8b465ee728b)  -> (artifact id: '0d7b7c921b72e95ef8208342b3aff269') in 0.048094 seconds 
========================================================================
Received Import Request.
  Time since last request: 0.000024 seconds.
  path: Assets/Art/Meshes/Vegetation/Ivy_Tendril_R_01.fbx
  artifactKey: Guid(a2eb3ed8027df864d8de1c0c6872a7c8) Importer(815301076,1909f56bfc062723c751e8b465ee728b)
Start importing Assets/Art/Meshes/Vegetation/Ivy_Tendril_R_01.fbx using Guid(a2eb3ed8027df864d8de1c0c6872a7c8) Importer(815301076,1909f56bfc062723c751e8b465ee728b)  -> (artifact id: 'afe8044eeeff8e3c9d74fd99635fe5ad') in 0.059059 seconds 
========================================================================
Received Import Request.
  Time since last request: 0.000027 seconds.
  path: Assets/Art/Meshes/Vegetation/Bush06_01_LP.fbx
  artifactKey: Guid(2e8fc587669c0d942a7dc4cff11716fc) Importer(815301076,1909f56bfc062723c751e8b465ee728b)
Start importing Assets/Art/Meshes/Vegetation/Bush06_01_LP.fbx using Guid(2e8fc587669c0d942a7dc4cff11716fc) Importer(815301076,1909f56bfc062723c751e8b465ee728b)  -> (artifact id: '43470d406f1e0f7cd6eaf65d8819d513') in 0.041237 seconds 
========================================================================
Received Import Request.
  Time since last request: 0.000123 seconds.
  path: Assets/Art/Meshes/Vegetation/Bush05_06_LP.fbx
  artifactKey: Guid(39694af99a636234898593cfb5907b5a) Importer(815301076,1909f56bfc062723c751e8b465ee728b)
Start importing Assets/Art/Meshes/Vegetation/Bush05_06_LP.fbx using Guid(39694af99a636234898593cfb5907b5a) Importer(815301076,1909f56bfc062723c751e8b465ee728b)  -> (artifact id: 'e45fbf4473450db9522ea07eac7ba7e3') in 0.047107 seconds 
========================================================================
Received Import Request.
  Time since last request: 0.000022 seconds.
  path: Assets/Art/Meshes/Vegetation/Ivy_Tendril_03.fbx
  artifactKey: Guid(60fd728b86fdaee48bf497da3ec014f6) Importer(815301076,1909f56bfc062723c751e8b465ee728b)
Start importing Assets/Art/Meshes/Vegetation/Ivy_Tendril_03.fbx using Guid(60fd728b86fdaee48bf497da3ec014f6) Importer(815301076,1909f56bfc062723c751e8b465ee728b)  -> (artifact id: 'c6e1c44e40d6e2b48f99b9dc057af8e3') in 0.057447 seconds 
========================================================================
Received Import Request.
  Time since last request: 0.000028 seconds.
  path: Assets/Art/Meshes/Vegetation/Twiner_02.fbx
  artifactKey: Guid(51606ba1fed90534c9be10090b6f45fe) Importer(815301076,1909f56bfc062723c751e8b465ee728b)
Start importing Assets/Art/Meshes/Vegetation/Twiner_02.fbx using Guid(51606ba1fed90534c9be10090b6f45fe) Importer(815301076,1909f56bfc062723c751e8b465ee728b)  -> (artifact id: '4b05116b3bfc43109e966668cc51d8b7') in 0.024150 seconds 
========================================================================
Received Import Request.
  Time since last request: 0.000025 seconds.
  path: Assets/Art/Meshes/Vegetation/Dead_Tree_01_LP.fbx
  artifactKey: Guid(e3f022b54b59ed44b8746afb0cb778c1) Importer(815301076,1909f56bfc062723c751e8b465ee728b)
Start importing Assets/Art/Meshes/Vegetation/Dead_Tree_01_LP.fbx using Guid(e3f022b54b59ed44b8746afb0cb778c1) Importer(815301076,1909f56bfc062723c751e8b465ee728b)  -> (artifact id: '314f86f5f84d870fc8f716f0aa4189a1') in 0.056934 seconds 
========================================================================
Received Import Request.
  Time since last request: 0.000028 seconds.
  path: Assets/Art/Meshes/Vegetation/LongGrass_02_LP.fbx
  artifactKey: Guid(cb7c1e4328426fe49bdbcdd06022e053) Importer(815301076,1909f56bfc062723c751e8b465ee728b)
Start importing Assets/Art/Meshes/Vegetation/LongGrass_02_LP.fbx using Guid(cb7c1e4328426fe49bdbcdd06022e053) Importer(815301076,1909f56bfc062723c751e8b465ee728b)  -> (artifact id: 'e47afea6126d32beb54ff55a09c92562') in 0.046475 seconds 
========================================================================
Received Import Request.
  Time since last request: 0.000035 seconds.
  path: Assets/Art/Meshes/Vegetation/Twiner_03.fbx
  artifactKey: Guid(c07d9a4a0a9973b4fac4c46561c26932) Importer(815301076,1909f56bfc062723c751e8b465ee728b)
Start importing Assets/Art/Meshes/Vegetation/Twiner_03.fbx using Guid(c07d9a4a0a9973b4fac4c46561c26932) Importer(815301076,1909f56bfc062723c751e8b465ee728b)  -> (artifact id: '6d0b5503fa0b4b905ced391eb6eeb2e7') in 0.026835 seconds 
========================================================================
Received Import Request.
  Time since last request: 0.000029 seconds.
  path: Assets/Art/Meshes/Vegetation/Plant_02_LP.fbx
  artifactKey: Guid(8e0779d7b7908e94ca4cd1313a47bc6d) Importer(815301076,1909f56bfc062723c751e8b465ee728b)
Start importing Assets/Art/Meshes/Vegetation/Plant_02_LP.fbx using Guid(8e0779d7b7908e94ca4cd1313a47bc6d) Importer(815301076,1909f56bfc062723c751e8b465ee728b)  -> (artifact id: 'b26fec529efaed9887f223a1a89b10c3') in 0.039509 seconds 
========================================================================
Received Import Request.
  Time since last request: 0.000030 seconds.
  path: Assets/Art/Meshes/Vegetation/Oak_02_LP.fbx
  artifactKey: Guid(a86b801b304d4484d8fd98e40ed14a4d) Importer(815301076,1909f56bfc062723c751e8b465ee728b)
Start importing Assets/Art/Meshes/Vegetation/Oak_02_LP.fbx using Guid(a86b801b304d4484d8fd98e40ed14a4d) Importer(815301076,1909f56bfc062723c751e8b465ee728b)  -> (artifact id: 'efe4f2fcbb58d82bc7032cb5835500bb') in 0.037184 seconds 
========================================================================
Received Import Request.
  Time since last request: 0.000030 seconds.
  path: Assets/Art/Meshes/Vegetation/Dead_Tree_05_LP.fbx
  artifactKey: Guid(6cb1e911abc450e47a2f2aad522fc77a) Importer(815301076,1909f56bfc062723c751e8b465ee728b)
Start importing Assets/Art/Meshes/Vegetation/Dead_Tree_05_LP.fbx using Guid(6cb1e911abc450e47a2f2aad522fc77a) Importer(815301076,1909f56bfc062723c751e8b465ee728b)  -> (artifact id: '4f9b9ab062dbc1f1af7ffe2dfdf64459') in 0.049799 seconds 
========================================================================
Received Import Request.
  Time since last request: 0.000036 seconds.
  path: Assets/Art/Meshes/Vegetation/Oak_03_LP.fbx
  artifactKey: Guid(ded4bbf8748c64d4d823c93ab380802f) Importer(815301076,1909f56bfc062723c751e8b465ee728b)
Start importing Assets/Art/Meshes/Vegetation/Oak_03_LP.fbx using Guid(ded4bbf8748c64d4d823c93ab380802f) Importer(815301076,1909f56bfc062723c751e8b465ee728b)  -> (artifact id: 'c458b6164441db55658e34946ccec198') in 0.042920 seconds 
========================================================================
Received Import Request.
  Time since last request: 0.000032 seconds.
  path: Assets/Art/Meshes/Vegetation/Twiner_01.fbx
  artifactKey: Guid(606f1b6d7bc524c498f4ceae7c5fa990) Importer(815301076,1909f56bfc062723c751e8b465ee728b)
Start importing Assets/Art/Meshes/Vegetation/Twiner_01.fbx using Guid(606f1b6d7bc524c498f4ceae7c5fa990) Importer(815301076,1909f56bfc062723c751e8b465ee728b)  -> (artifact id: 'ceaa089e928844ce50c9a7453e5bb13e') in 0.020628 seconds 
========================================================================
Received Prepare
Registering precompiled user dll's ...
Registered in 0.007610 seconds.
Begin MonoManager ReloadAssembly
Symbol file LoadedFromMemory doesn't match image D:\unity\Project Red Balloon\Library\PackageCache\com.unity.visualscripting@1.7.8\Editor\VisualScripting.Core\Dependencies\YamlDotNet\Unity.VisualScripting.YamlDotNet.dll
Symbol file LoadedFromMemory doesn't match image D:\unity\Project Red Balloon\Library\PackageCache\com.unity.visualscripting@1.7.8\Editor\VisualScripting.Core\Dependencies\DotNetZip\Unity.VisualScripting.IonicZip.dll
Native extension for WindowsStandalone target not found
Refreshing native plugins compatible for Editor in 1.61 ms, found 5 plugins.
Preloading 0 native plugins for Editor in 0.00 ms.
System.Exception: Error! Visual Scripting: couldn't find visual scripting package
  at Unity.VisualScripting.PackageVersionUtility.get_version () [0x00043] in D:\unity\Project Red Balloon\Library\PackageCache\com.unity.visualscripting@1.7.8\Editor\VisualScripting.Core\Utilities\PackageVersionUtility.cs:31 
  at Unity.VisualScripting.BoltCoreManifest.get_version () [0x00000] in D:\unity\Project Red Balloon\Library\PackageCache\com.unity.visualscripting@1.7.8\Editor\VisualScripting.Core\Plugin\BoltCoreManifest.cs:11 
  at Unity.VisualScripting.PluginManifest.get_currentVersion () [0x00000] in D:\unity\Project Red Balloon\Library\PackageCache\com.unity.visualscripting@1.7.8\Editor\VisualScripting.Core\Plugins\PluginManifest.cs:33 
  at Unity.VisualScripting.PluginManifest.get_versionMismatch () [0x00000] in D:\unity\Project Red Balloon\Library\PackageCache\com.unity.visualscripting@1.7.8\Editor\VisualScripting.Core\Plugins\PluginManifest.cs:48 
  at Unity.VisualScripting.PluginContainer.Initialize () [0x00525] in D:\unity\Project Red Balloon\Library\PackageCache\com.unity.visualscripting@1.7.8\Editor\VisualScripting.Core\Plugins\PluginContainer.cs:208 
  at Unity.VisualScripting.PluginContainer.InitializeOnLoad () [0x00009] in D:\unity\Project Red Balloon\Library\PackageCache\com.unity.visualscripting@1.7.8\Editor\VisualScripting.Core\Plugins\PluginContainer.cs:32 
  at Unity.VisualScripting.VSUsageUtility.DoInitializeOnLoadCalls () [0x00034] in D:\unity\Project Red Balloon\Library\PackageCache\com.unity.visualscripting@1.7.8\Editor\VisualScripting.Core\Utilities\VSUsageUtility.cs:76 
  at Unity.VisualScripting.VSUsageUtility.set_isVisualScriptingUsed (System.Boolean value) [0x0002c] in D:\unity\Project Red Balloon\Library\PackageCache\com.unity.visualscripting@1.7.8\Editor\VisualScripting.Core\Utilities\VSUsageUtility.cs:114 
  at Unity.VisualScripting.VSUsageUtility.CheckAndSetIsVisualScriptingUsed () [0x0000d] in D:\unity\Project Red Balloon\Library\PackageCache\com.unity.visualscripting@1.7.8\Editor\VisualScripting.Core\Utilities\VSUsageUtility.cs:33 
  at Unity.VisualScripting.VSUsageUtility..cctor () [0x00000] in D:\unity\Project Red Balloon\Library\PackageCache\com.unity.visualscripting@1.7.8\Editor\VisualScripting.Core\Utilities\VSUsageUtility.cs:22 
UnityEngine.StackTraceUtility:ExtractStackTrace ()
UnityEngine.DebugLogHandler:LogFormat (UnityEngine.LogType,UnityEngine.Object,string,object[])
UnityEngine.Logger:Log (UnityEngine.LogType,object)
UnityEngine.Debug:LogError (object)
UnityEditor.EditorAssemblies:ProcessInitializeOnLoadAttributes (System.Type[])

Mono: successfully reloaded assembly
- Completed reload, in  1.566 seconds
Domain Reload Profiling:
	ReloadAssembly (1567ms)
		BeginReloadAssembly (166ms)
			ExecutionOrderSort (0ms)
			DisableScriptedObjects (7ms)
			BackupInstance (0ms)
			ReleaseScriptingObjects (0ms)
			CreateAndSetChildDomain (57ms)
		EndReloadAssembly (1303ms)
			LoadAssemblies (86ms)
			RebuildTransferFunctionScriptingTraits (0ms)
			SetupTypeCache (271ms)
			ReleaseScriptCaches (2ms)
			RebuildScriptCaches (49ms)
			SetupLoadedEditorAssemblies (630ms)
				LogAssemblyErrors (0ms)
				InitializePlatformSupportModulesInManaged (11ms)
				SetLoadedEditorAssemblies (0ms)
				RefreshPlugins (2ms)
				BeforeProcessingInitializeOnLoad (102ms)
				ProcessInitializeOnLoadAttributes (427ms)
				ProcessInitializeOnLoadMethodAttributes (74ms)
				AfterProcessingInitializeOnLoad (13ms)
				EditorAssembliesLoaded (0ms)
			ExecutionOrderSort2 (0ms)
			AwakeInstancesAfterBackupRestoration (11ms)
Platform modules already initialized, skipping
Shader 'TextMeshPro/Distance Field': fallback shader 'TextMeshPro/Mobile/Distance Field' not found
Shader 'TextMeshPro/Distance Field Overlay': fallback shader 'TextMeshPro/Mobile/Distance Field' not found
Shader 'TextMeshPro/Distance Field SSD': fallback shader 'TextMeshPro/Mobile/Distance Field' not found
Refreshing native plugins compatible for Editor in 6.34 ms, found 5 plugins.
Preloading 0 native plugins for Editor in 0.00 ms.
Unloading 5321 Unused Serialized files (Serialized files now loaded: 0)
Unloading 40 unused Assets / (1.5 MB). Loaded Objects now: 6085.
Memory consumption went from 248.5 MB to 247.0 MB.
Total: 52.158900 ms (FindLiveObjects: 0.763900 ms CreateObjectMapping: 0.427200 ms MarkObjects: 50.538000 ms  DeleteObjects: 0.428600 ms)

AssetImportParameters requested are different than current active one (requested -> active):
  custom:video-decoder-ogg-theora: a1e56fd34408186e4bbccfd4996cb3dc -> 
  custom:container-muxer-webm: aa71ff27fc2769a1b78a27578f13a17b -> 
  custom:container-demuxer-webm: 4f35f7cbe854078d1ac9338744f61a02 -> 
  custom:video-encoder-webm-vp8: eb34c28f22e8b96e1ab97ce403110664 -> 
  custom:video-codec-MediaFoundation-h265: 746d11721c4dcdbdad8f713fa42b33f4 -> 
  custom:audio-encoder-webm-vorbis: bf7c407c2cedff20999df2af8eb42d56 -> 
  custom:framework-win-MediaFoundation: 216162199b28c13a410421893ffa2e32 -> 
  custom:container-demuxer-ogg: 62fdf1f143b41e24485cea50d1cbac27 -> 
  custom:video-decoder-webm-vp8: 9c59270c3fd7afecdb556c50c9e8de78 -> 
  custom:audio-decoder-ogg-vorbis: bf7c407c2cedff20999df2af8eb42d56 -> 
Editor requested this worker to shutdown with reason: Scaling down because of idle timeout
AssetImportWorker is now disconnected from the server
Process exiting
Exiting without the bug reporter. Application will terminate with return code 0